--------------------------------------------------------------------------------
Path outputs_batch_0122_3 does not exist. Creating.
--------------------------------------------------------------------------------
Logging to outputs_batch_0122_3/stdout
--------------------------------------------------------------------------------
batch_size...................................................................144
child_block_size...............................................................3
child_cutout_size...........................................................None
child_drop_path_keep_prob....................................................0.6
child_filter_size..............................................................5
child_fixed_arc1 2 1 2 2 3 0 1 3 4 2 0 3 4 1 0 2 0 1 2 1 3 1 4 2 1 2 4 0 3 3 4 3 1 1 4 1 3 5 0
child_grad_bound.............................................................5.0
child_keep_prob..............................................................0.8
child_l2_reg..............................................................0.0002
child_lr.....................................................................0.1
child_lr_T_0..................................................................10
child_lr_T_mul.................................................................2
child_lr_cosine.............................................................True
child_lr_dec_every...........................................................100
child_lr_dec_rate............................................................0.1
child_lr_max................................................................0.05
child_lr_min..............................................................0.0001
child_num_aggregate.........................................................None
child_num_branches.............................................................5
child_num_cells................................................................5
child_num_layers..............................................................15
child_num_replicas.............................................................1
child_out_filters.............................................................36
child_out_filters_scale........................................................1
child_skip_pattern..........................................................None
child_sync_replicas........................................................False
child_use_aux_heads.........................................................True
controller_bl_dec...........................................................0.99
controller_entropy_weight.................................................0.0001
controller_forwards_limit......................................................2
controller_keep_prob.........................................................0.5
controller_l2_reg............................................................0.0
controller_lr..............................................................0.001
controller_lr_dec_rate.......................................................1.0
controller_multi_objective.................................................False
controller_num_aggregate......................................................10
controller_num_replicas........................................................1
controller_op_tanh_reduce....................................................2.5
controller_search_whole_channels............................................True
controller_skip_target.......................................................0.8
controller_skip_weight.......................................................0.0
controller_sync_replicas....................................................True
controller_tanh_constant.....................................................1.5
controller_temperature......................................................None
controller_train_every.........................................................1
controller_train_steps........................................................50
controller_training........................................................False
controller_use_critic......................................................False
data_format.................................................................NCHW
data_path...........................................................data/cifar10
eval_every_epochs..............................................................1
log_every.....................................................................50
num_epochs...................................................................630
output_dir..................................................outputs_batch_0122_3
reset_output_dir............................................................True
search_for.................................................................micro
--------------------------------------------------------------------------------
Reading data
data_batch_1
data_batch_2
data_batch_3
data_batch_4
data_batch_5
test_batch
Prepropcess: [subtract mean], [divide std]
mean: [125.30723 122.95053 113.86535]
std: [62.993362 62.088478 66.70482 ]
--------------------------------------------------------------------------------
Build model child
Build data ops
--------------------------------------------------------------------------------
Starting session
epoch=0     ch_step=50     loss=2.174530 lr=0.0500   |g|=1.5181   tr_acc=29 /144 mins=0.60      
epoch=0     ch_step=100    loss=2.095647 lr=0.0500   |g|=0.9819   tr_acc=28 /144 mins=0.85      
epoch=0     ch_step=150    loss=2.009192 lr=0.0500   |g|=0.9719   tr_acc=44 /144 mins=1.10      
epoch=0     ch_step=200    loss=1.927111 lr=0.0500   |g|=0.9612   tr_acc=43 /144 mins=1.34      
epoch=0     ch_step=250    loss=1.975613 lr=0.0500   |g|=1.3218   tr_acc=33 /144 mins=1.59      
epoch=0     ch_step=300    loss=1.849713 lr=0.0500   |g|=1.2455   tr_acc=45 /144 mins=1.84      
Epoch 1: Eval
Eval at 348
test_accuracy: 0.2787
epoch=1     ch_step=350    loss=1.856452 lr=0.0488   |g|=1.3416   tr_acc=40 /144 mins=2.33      
epoch=1     ch_step=400    loss=1.873510 lr=0.0488   |g|=1.2638   tr_acc=39 /144 mins=2.58      
epoch=1     ch_step=450    loss=1.691775 lr=0.0488   |g|=1.4142   tr_acc=52 /144 mins=2.83      
epoch=1     ch_step=500    loss=1.664953 lr=0.0488   |g|=1.5726   tr_acc=56 /144 mins=3.08      
epoch=1     ch_step=550    loss=1.662609 lr=0.0488   |g|=1.4968   tr_acc=48 /144 mins=3.33      
epoch=1     ch_step=600    loss=1.645901 lr=0.0488   |g|=1.0984   tr_acc=58 /144 mins=3.57      
epoch=1     ch_step=650    loss=1.562338 lr=0.0488   |g|=1.2261   tr_acc=65 /144 mins=3.82      
Epoch 2: Eval
Eval at 696
test_accuracy: 0.4072
epoch=2     ch_step=700    loss=1.509094 lr=0.0452   |g|=1.3888   tr_acc=56 /144 mins=4.28      
epoch=2     ch_step=750    loss=1.519222 lr=0.0452   |g|=1.2054   tr_acc=70 /144 mins=4.53      
epoch=2     ch_step=800    loss=1.556138 lr=0.0452   |g|=1.4011   tr_acc=65 /144 mins=4.77      
epoch=2     ch_step=850    loss=1.850564 lr=0.0452   |g|=1.6082   tr_acc=49 /144 mins=5.02      
epoch=2     ch_step=900    loss=1.431734 lr=0.0452   |g|=1.8231   tr_acc=71 /144 mins=5.27      
epoch=2     ch_step=950    loss=1.503262 lr=0.0452   |g|=1.6414   tr_acc=58 /144 mins=5.52      
epoch=2     ch_step=1000   loss=1.469720 lr=0.0452   |g|=1.6252   tr_acc=67 /144 mins=5.77      
Epoch 3: Eval
Eval at 1044
test_accuracy: 0.4641
epoch=3     ch_step=1050   loss=1.570607 lr=0.0397   |g|=1.2594   tr_acc=67 /144 mins=6.21      
epoch=3     ch_step=1100   loss=1.237231 lr=0.0397   |g|=1.7170   tr_acc=75 /144 mins=6.46      
epoch=3     ch_step=1150   loss=1.438302 lr=0.0397   |g|=1.8097   tr_acc=67 /144 mins=6.71      
epoch=3     ch_step=1200   loss=1.234718 lr=0.0397   |g|=1.4491   tr_acc=79 /144 mins=6.95      
epoch=3     ch_step=1250   loss=1.403669 lr=0.0397   |g|=1.6286   tr_acc=71 /144 mins=7.23      
epoch=3     ch_step=1300   loss=1.124064 lr=0.0397   |g|=1.8894   tr_acc=88 /144 mins=7.48      
epoch=3     ch_step=1350   loss=1.361423 lr=0.0397   |g|=1.6355   tr_acc=71 /144 mins=7.73      
Epoch 4: Eval
Eval at 1392
test_accuracy: 0.5381
epoch=4     ch_step=1400   loss=1.217743 lr=0.0328   |g|=1.6186   tr_acc=82 /144 mins=8.17      
epoch=4     ch_step=1450   loss=1.249820 lr=0.0328   |g|=1.9805   tr_acc=80 /144 mins=8.41      
epoch=4     ch_step=1500   loss=1.363981 lr=0.0328   |g|=2.3033   tr_acc=69 /144 mins=8.66      
epoch=4     ch_step=1550   loss=1.266620 lr=0.0328   |g|=1.9918   tr_acc=79 /144 mins=8.91      
epoch=4     ch_step=1600   loss=1.279746 lr=0.0328   |g|=1.8262   tr_acc=77 /144 mins=9.19      
epoch=4     ch_step=1650   loss=1.381928 lr=0.0328   |g|=2.1839   tr_acc=65 /144 mins=9.44      
epoch=4     ch_step=1700   loss=1.202292 lr=0.0328   |g|=1.9082   tr_acc=79 /144 mins=9.69      
Epoch 5: Eval
Eval at 1740
test_accuracy: 0.5883
epoch=5     ch_step=1750   loss=1.054730 lr=0.0251   |g|=1.5061   tr_acc=98 /144 mins=10.13     
epoch=5     ch_step=1800   loss=1.136714 lr=0.0251   |g|=2.0769   tr_acc=80 /144 mins=10.38     
epoch=5     ch_step=1850   loss=1.120974 lr=0.0251   |g|=1.8502   tr_acc=76 /144 mins=10.62     
epoch=5     ch_step=1900   loss=1.248361 lr=0.0251   |g|=3.0421   tr_acc=80 /144 mins=10.87     
epoch=5     ch_step=1950   loss=1.177266 lr=0.0251   |g|=2.0089   tr_acc=81 /144 mins=11.12     
epoch=5     ch_step=2000   loss=1.130859 lr=0.0251   |g|=2.8851   tr_acc=84 /144 mins=11.37     
epoch=5     ch_step=2050   loss=1.139434 lr=0.0251   |g|=1.8443   tr_acc=88 /144 mins=11.62     
Epoch 6: Eval
Eval at 2088
test_accuracy: 0.6178
epoch=6     ch_step=2100   loss=1.175905 lr=0.0173   |g|=2.0466   tr_acc=81 /144 mins=12.06     
epoch=6     ch_step=2150   loss=0.992971 lr=0.0173   |g|=2.1177   tr_acc=91 /144 mins=12.31     
epoch=6     ch_step=2200   loss=1.119469 lr=0.0173   |g|=1.9563   tr_acc=76 /144 mins=12.55     
epoch=6     ch_step=2250   loss=0.952452 lr=0.0173   |g|=1.7775   tr_acc=99 /144 mins=12.80     
epoch=6     ch_step=2300   loss=1.011789 lr=0.0173   |g|=2.2346   tr_acc=91 /144 mins=13.05     
epoch=6     ch_step=2350   loss=1.172400 lr=0.0173   |g|=2.4206   tr_acc=89 /144 mins=13.30     
epoch=6     ch_step=2400   loss=1.138839 lr=0.0173   |g|=2.1346   tr_acc=86 /144 mins=13.55     
Epoch 7: Eval
Eval at 2436
test_accuracy: 0.6412
epoch=7     ch_step=2450   loss=1.107028 lr=0.0104   |g|=2.7257   tr_acc=86 /144 mins=13.99     
epoch=7     ch_step=2500   loss=0.968835 lr=0.0104   |g|=2.2648   tr_acc=90 /144 mins=14.24     
epoch=7     ch_step=2550   loss=1.075366 lr=0.0104   |g|=2.4615   tr_acc=94 /144 mins=14.48     
epoch=7     ch_step=2600   loss=0.904258 lr=0.0104   |g|=2.5949   tr_acc=97 /144 mins=14.73     
epoch=7     ch_step=2650   loss=0.927331 lr=0.0104   |g|=2.1604   tr_acc=97 /144 mins=14.98     
epoch=7     ch_step=2700   loss=0.765703 lr=0.0104   |g|=2.1232   tr_acc=108/144 mins=15.23     
epoch=7     ch_step=2750   loss=1.016248 lr=0.0104   |g|=2.4455   tr_acc=94 /144 mins=15.48     
Epoch 8: Eval
Eval at 2784
test_accuracy: 0.6816
epoch=8     ch_step=2800   loss=0.816129 lr=0.0049   |g|=2.2691   tr_acc=104/144 mins=15.93     
epoch=8     ch_step=2850   loss=0.822457 lr=0.0049   |g|=2.1228   tr_acc=104/144 mins=16.17     
epoch=8     ch_step=2900   loss=0.888445 lr=0.0049   |g|=2.4330   tr_acc=98 /144 mins=16.42     
epoch=8     ch_step=2950   loss=0.870827 lr=0.0049   |g|=2.1563   tr_acc=99 /144 mins=16.67     
epoch=8     ch_step=3000   loss=0.795221 lr=0.0049   |g|=2.2627   tr_acc=105/144 mins=16.92     
epoch=8     ch_step=3050   loss=0.801762 lr=0.0049   |g|=2.4235   tr_acc=105/144 mins=17.17     
epoch=8     ch_step=3100   loss=0.867591 lr=0.0049   |g|=3.0574   tr_acc=104/144 mins=17.42     
Epoch 9: Eval
Eval at 3132
test_accuracy: 0.7031
epoch=9     ch_step=3150   loss=0.696369 lr=0.0013   |g|=2.2252   tr_acc=108/144 mins=17.86     
epoch=9     ch_step=3200   loss=0.743910 lr=0.0013   |g|=2.3840   tr_acc=100/144 mins=18.10     
epoch=9     ch_step=3250   loss=0.917677 lr=0.0013   |g|=2.3698   tr_acc=104/144 mins=18.35     
epoch=9     ch_step=3300   loss=0.857794 lr=0.0013   |g|=2.5181   tr_acc=96 /144 mins=18.60     
epoch=9     ch_step=3350   loss=0.875999 lr=0.0013   |g|=2.8803   tr_acc=91 /144 mins=18.85     
epoch=9     ch_step=3400   loss=0.961683 lr=0.0013   |g|=2.8733   tr_acc=97 /144 mins=19.10     
epoch=9     ch_step=3450   loss=0.669176 lr=0.0013   |g|=2.1490   tr_acc=109/144 mins=19.35     
Epoch 10: Eval
Eval at 3480
test_accuracy: 0.7164
epoch=10    ch_step=3500   loss=1.069912 lr=0.0500   |g|=2.1663   tr_acc=87 /144 mins=19.79     
epoch=10    ch_step=3550   loss=1.347719 lr=0.0500   |g|=2.7628   tr_acc=80 /144 mins=20.03     
epoch=10    ch_step=3600   loss=1.183658 lr=0.0500   |g|=2.2070   tr_acc=89 /144 mins=20.28     
epoch=10    ch_step=3650   loss=1.308086 lr=0.0500   |g|=2.3963   tr_acc=85 /144 mins=20.53     
epoch=10    ch_step=3700   loss=1.088177 lr=0.0500   |g|=1.7550   tr_acc=87 /144 mins=20.78     
epoch=10    ch_step=3750   loss=1.141152 lr=0.0500   |g|=2.2028   tr_acc=92 /144 mins=21.03     
epoch=10    ch_step=3800   loss=0.927153 lr=0.0500   |g|=1.9377   tr_acc=97 /144 mins=21.28     
Epoch 11: Eval
Eval at 3828
test_accuracy: 0.6409
epoch=11    ch_step=3850   loss=0.997362 lr=0.0497   |g|=1.8733   tr_acc=90 /144 mins=21.72     
epoch=11    ch_step=3900   loss=0.899167 lr=0.0497   |g|=2.0429   tr_acc=99 /144 mins=21.96     
epoch=11    ch_step=3950   loss=1.179529 lr=0.0497   |g|=1.9938   tr_acc=85 /144 mins=22.21     
epoch=11    ch_step=4000   loss=0.832496 lr=0.0497   |g|=1.9788   tr_acc=105/144 mins=22.46     
epoch=11    ch_step=4050   loss=0.849874 lr=0.0497   |g|=1.6899   tr_acc=100/144 mins=22.71     
epoch=11    ch_step=4100   loss=1.114631 lr=0.0497   |g|=2.2534   tr_acc=86 /144 mins=22.96     
epoch=11    ch_step=4150   loss=1.091188 lr=0.0497   |g|=2.0198   tr_acc=94 /144 mins=23.21     
Epoch 12: Eval
Eval at 4176
test_accuracy: 0.6381
epoch=12    ch_step=4200   loss=1.066785 lr=0.0488   |g|=2.3374   tr_acc=89 /144 mins=23.65     
epoch=12    ch_step=4250   loss=0.916004 lr=0.0488   |g|=1.9432   tr_acc=95 /144 mins=23.90     
epoch=12    ch_step=4300   loss=0.923573 lr=0.0488   |g|=1.8812   tr_acc=95 /144 mins=24.14     
epoch=12    ch_step=4350   loss=0.924326 lr=0.0488   |g|=2.0829   tr_acc=97 /144 mins=24.39     
epoch=12    ch_step=4400   loss=0.824042 lr=0.0488   |g|=1.9591   tr_acc=102/144 mins=24.64     
epoch=12    ch_step=4450   loss=0.889939 lr=0.0488   |g|=2.1814   tr_acc=98 /144 mins=24.89     
epoch=12    ch_step=4500   loss=0.811234 lr=0.0488   |g|=1.6926   tr_acc=99 /144 mins=25.14     
Epoch 13: Eval
Eval at 4524
test_accuracy: 0.6625
epoch=13    ch_step=4550   loss=0.866869 lr=0.0473   |g|=2.2416   tr_acc=98 /144 mins=25.59     
epoch=13    ch_step=4600   loss=0.939577 lr=0.0473   |g|=2.0143   tr_acc=98 /144 mins=25.84     
epoch=13    ch_step=4650   loss=0.697814 lr=0.0473   |g|=1.9310   tr_acc=113/144 mins=26.09     
epoch=13    ch_step=4700   loss=0.775090 lr=0.0473   |g|=2.1020   tr_acc=103/144 mins=26.33     
epoch=13    ch_step=4750   loss=0.753794 lr=0.0473   |g|=1.8676   tr_acc=107/144 mins=26.58     
epoch=13    ch_step=4800   loss=0.930558 lr=0.0473   |g|=2.0668   tr_acc=96 /144 mins=26.83     
epoch=13    ch_step=4850   loss=0.738360 lr=0.0473   |g|=1.9640   tr_acc=110/144 mins=27.08     
Epoch 14: Eval
Eval at 4872
test_accuracy: 0.6804
epoch=14    ch_step=4900   loss=0.707454 lr=0.0452   |g|=1.8196   tr_acc=110/144 mins=27.52     
epoch=14    ch_step=4950   loss=0.679431 lr=0.0452   |g|=1.9106   tr_acc=109/144 mins=27.77     
epoch=14    ch_step=5000   loss=0.692554 lr=0.0452   |g|=2.1064   tr_acc=111/144 mins=28.02     
epoch=14    ch_step=5050   loss=0.737808 lr=0.0452   |g|=1.9350   tr_acc=103/144 mins=28.27     
epoch=14    ch_step=5100   loss=0.742217 lr=0.0452   |g|=1.8390   tr_acc=110/144 mins=28.51     
epoch=14    ch_step=5150   loss=0.711724 lr=0.0452   |g|=1.9538   tr_acc=109/144 mins=28.76     
epoch=14    ch_step=5200   loss=0.666756 lr=0.0452   |g|=1.9449   tr_acc=106/144 mins=29.01     
Epoch 15: Eval
Eval at 5220
test_accuracy: 0.7454
epoch=15    ch_step=5250   loss=0.775057 lr=0.0427   |g|=1.8262   tr_acc=108/144 mins=29.46     
epoch=15    ch_step=5300   loss=0.867420 lr=0.0427   |g|=2.2795   tr_acc=103/144 mins=29.71     
epoch=15    ch_step=5350   loss=0.693727 lr=0.0427   |g|=1.9495   tr_acc=108/144 mins=29.95     
epoch=15    ch_step=5400   loss=0.640893 lr=0.0427   |g|=2.1154   tr_acc=111/144 mins=30.20     
epoch=15    ch_step=5450   loss=0.596456 lr=0.0427   |g|=1.7736   tr_acc=119/144 mins=30.45     
epoch=15    ch_step=5500   loss=0.761162 lr=0.0427   |g|=2.4429   tr_acc=104/144 mins=30.70     
epoch=15    ch_step=5550   loss=0.871276 lr=0.0427   |g|=2.5200   tr_acc=102/144 mins=30.95     
Epoch 16: Eval
Eval at 5568
test_accuracy: 0.7691
epoch=16    ch_step=5600   loss=0.608204 lr=0.0397   |g|=2.1058   tr_acc=116/144 mins=31.39     
epoch=16    ch_step=5650   loss=0.727879 lr=0.0397   |g|=2.0057   tr_acc=110/144 mins=31.63     
epoch=16    ch_step=5700   loss=0.591566 lr=0.0397   |g|=1.8133   tr_acc=118/144 mins=31.88     
epoch=16    ch_step=5750   loss=0.636503 lr=0.0397   |g|=2.4083   tr_acc=110/144 mins=32.13     
epoch=16    ch_step=5800   loss=0.537261 lr=0.0397   |g|=1.6682   tr_acc=119/144 mins=32.38     
epoch=16    ch_step=5850   loss=0.663672 lr=0.0397   |g|=1.9644   tr_acc=110/144 mins=32.63     
epoch=16    ch_step=5900   loss=0.673128 lr=0.0397   |g|=2.3667   tr_acc=110/144 mins=32.88     
Epoch 17: Eval
Eval at 5916
test_accuracy: 0.7232
epoch=17    ch_step=5950   loss=0.618077 lr=0.0364   |g|=2.0918   tr_acc=109/144 mins=33.32     
epoch=17    ch_step=6000   loss=0.577939 lr=0.0364   |g|=1.8826   tr_acc=115/144 mins=33.57     
epoch=17    ch_step=6050   loss=0.544191 lr=0.0364   |g|=1.8460   tr_acc=116/144 mins=33.82     
epoch=17    ch_step=6100   loss=0.535166 lr=0.0364   |g|=1.7749   tr_acc=117/144 mins=34.07     
epoch=17    ch_step=6150   loss=0.652464 lr=0.0364   |g|=2.1178   tr_acc=114/144 mins=34.32     
epoch=17    ch_step=6200   loss=0.528555 lr=0.0364   |g|=1.7598   tr_acc=123/144 mins=34.57     
epoch=17    ch_step=6250   loss=0.611074 lr=0.0364   |g|=2.4649   tr_acc=116/144 mins=34.82     
Epoch 18: Eval
Eval at 6264
test_accuracy: 0.7441
epoch=18    ch_step=6300   loss=0.492187 lr=0.0328   |g|=2.0493   tr_acc=122/144 mins=35.26     
epoch=18    ch_step=6350   loss=0.563361 lr=0.0328   |g|=2.0054   tr_acc=116/144 mins=35.51     
epoch=18    ch_step=6400   loss=0.520019 lr=0.0328   |g|=2.3216   tr_acc=117/144 mins=35.76     
epoch=18    ch_step=6450   loss=0.523653 lr=0.0328   |g|=1.9820   tr_acc=119/144 mins=36.00     
epoch=18    ch_step=6500   loss=0.650028 lr=0.0328   |g|=2.7499   tr_acc=112/144 mins=36.25     
epoch=18    ch_step=6550   loss=0.487560 lr=0.0328   |g|=1.7822   tr_acc=123/144 mins=36.50     
epoch=18    ch_step=6600   loss=0.513750 lr=0.0328   |g|=2.0499   tr_acc=118/144 mins=36.75     
Epoch 19: Eval
Eval at 6612
test_accuracy: 0.7180
epoch=19    ch_step=6650   loss=0.559649 lr=0.0290   |g|=2.4050   tr_acc=115/144 mins=37.19     
epoch=19    ch_step=6700   loss=0.421490 lr=0.0290   |g|=1.6756   tr_acc=123/144 mins=37.44     
epoch=19    ch_step=6750   loss=0.454819 lr=0.0290   |g|=1.8520   tr_acc=121/144 mins=37.69     
epoch=19    ch_step=6800   loss=0.498958 lr=0.0290   |g|=2.1623   tr_acc=118/144 mins=37.94     
epoch=19    ch_step=6850   loss=0.545298 lr=0.0290   |g|=2.1864   tr_acc=118/144 mins=38.19     
epoch=19    ch_step=6900   loss=0.492427 lr=0.0290   |g|=2.4843   tr_acc=120/144 mins=38.44     
epoch=19    ch_step=6950   loss=0.380739 lr=0.0290   |g|=1.7092   tr_acc=124/144 mins=38.69     
Epoch 20: Eval
Eval at 6960
test_accuracy: 0.7764
epoch=20    ch_step=7000   loss=0.681106 lr=0.0251   |g|=2.7484   tr_acc=115/144 mins=39.13     
epoch=20    ch_step=7050   loss=0.421316 lr=0.0251   |g|=2.1112   tr_acc=126/144 mins=39.37     
epoch=20    ch_step=7100   loss=0.507933 lr=0.0251   |g|=2.1574   tr_acc=119/144 mins=39.62     
epoch=20    ch_step=7150   loss=0.471854 lr=0.0251   |g|=2.3353   tr_acc=121/144 mins=39.87     
epoch=20    ch_step=7200   loss=0.478505 lr=0.0251   |g|=1.8773   tr_acc=120/144 mins=40.12     
epoch=20    ch_step=7250   loss=0.510903 lr=0.0251   |g|=2.0794   tr_acc=119/144 mins=40.37     
epoch=20    ch_step=7300   loss=0.593463 lr=0.0251   |g|=2.3821   tr_acc=119/144 mins=40.62     
Epoch 21: Eval
Eval at 7308
test_accuracy: 0.8161
epoch=21    ch_step=7350   loss=0.563701 lr=0.0211   |g|=2.8220   tr_acc=112/144 mins=41.06     
epoch=21    ch_step=7400   loss=0.430213 lr=0.0211   |g|=2.4506   tr_acc=124/144 mins=41.30     
epoch=21    ch_step=7450   loss=0.498779 lr=0.0211   |g|=2.3616   tr_acc=118/144 mins=41.55     
epoch=21    ch_step=7500   loss=0.367597 lr=0.0211   |g|=2.3044   tr_acc=123/144 mins=41.80     
epoch=21    ch_step=7550   loss=0.549874 lr=0.0211   |g|=2.4487   tr_acc=115/144 mins=42.05     
epoch=21    ch_step=7600   loss=0.503955 lr=0.0211   |g|=2.3765   tr_acc=120/144 mins=42.30     
epoch=21    ch_step=7650   loss=0.542802 lr=0.0211   |g|=2.6360   tr_acc=115/144 mins=42.55     
Epoch 22: Eval
Eval at 7656
test_accuracy: 0.7834
epoch=22    ch_step=7700   loss=0.448237 lr=0.0173   |g|=2.4634   tr_acc=123/144 mins=42.99     
epoch=22    ch_step=7750   loss=0.238506 lr=0.0173   |g|=1.7314   tr_acc=134/144 mins=43.24     
epoch=22    ch_step=7800   loss=0.490808 lr=0.0173   |g|=2.5837   tr_acc=122/144 mins=43.49     
epoch=22    ch_step=7850   loss=0.455801 lr=0.0173   |g|=2.5211   tr_acc=122/144 mins=43.73     
epoch=22    ch_step=7900   loss=0.323551 lr=0.0173   |g|=2.0024   tr_acc=131/144 mins=43.98     
epoch=22    ch_step=7950   loss=0.349390 lr=0.0173   |g|=2.1083   tr_acc=128/144 mins=44.23     
epoch=22    ch_step=8000   loss=0.457907 lr=0.0173   |g|=2.4089   tr_acc=119/144 mins=44.48     
Epoch 23: Eval
Eval at 8004
test_accuracy: 0.8449
epoch=23    ch_step=8050   loss=0.367681 lr=0.0137   |g|=2.0759   tr_acc=123/144 mins=44.92     
epoch=23    ch_step=8100   loss=0.506416 lr=0.0137   |g|=2.8154   tr_acc=122/144 mins=45.16     
epoch=23    ch_step=8150   loss=0.441800 lr=0.0137   |g|=2.5616   tr_acc=122/144 mins=45.41     
epoch=23    ch_step=8200   loss=0.452990 lr=0.0137   |g|=2.4561   tr_acc=122/144 mins=45.66     
epoch=23    ch_step=8250   loss=0.357293 lr=0.0137   |g|=2.0408   tr_acc=128/144 mins=45.91     
epoch=23    ch_step=8300   loss=0.398069 lr=0.0137   |g|=2.6465   tr_acc=118/144 mins=46.16     
epoch=23    ch_step=8350   loss=0.423856 lr=0.0137   |g|=2.7604   tr_acc=122/144 mins=46.41     
Epoch 24: Eval
Eval at 8352
test_accuracy: 0.8282
epoch=24    ch_step=8400   loss=0.414154 lr=0.0104   |g|=2.3516   tr_acc=124/144 mins=46.85     
epoch=24    ch_step=8450   loss=0.347170 lr=0.0104   |g|=1.9268   tr_acc=131/144 mins=47.10     
epoch=24    ch_step=8500   loss=0.412976 lr=0.0104   |g|=2.3721   tr_acc=126/144 mins=47.35     
epoch=24    ch_step=8550   loss=0.294708 lr=0.0104   |g|=2.3962   tr_acc=128/144 mins=47.60     
epoch=24    ch_step=8600   loss=0.312336 lr=0.0104   |g|=2.3083   tr_acc=128/144 mins=47.84     
epoch=24    ch_step=8650   loss=0.316850 lr=0.0104   |g|=2.3993   tr_acc=132/144 mins=48.09     
epoch=25    ch_step=8700   loss=0.335342 lr=0.0104   |g|=2.2474   tr_acc=127/144 mins=48.45     
Epoch 25: Eval
Eval at 8700
test_accuracy: 0.8574
epoch=25    ch_step=8750   loss=0.355169 lr=0.0074   |g|=2.4504   tr_acc=127/144 mins=48.78     
epoch=25    ch_step=8800   loss=0.324488 lr=0.0074   |g|=2.9208   tr_acc=130/144 mins=49.02     
epoch=25    ch_step=8850   loss=0.300859 lr=0.0074   |g|=2.3865   tr_acc=129/144 mins=49.27     
epoch=25    ch_step=8900   loss=0.357145 lr=0.0074   |g|=2.6483   tr_acc=126/144 mins=49.52     
epoch=25    ch_step=8950   loss=0.332169 lr=0.0074   |g|=2.8729   tr_acc=131/144 mins=49.77     
epoch=25    ch_step=9000   loss=0.357910 lr=0.0074   |g|=2.7349   tr_acc=128/144 mins=50.02     
Epoch 26: Eval
Eval at 9048
test_accuracy: 0.8670
epoch=26    ch_step=9050   loss=0.219224 lr=0.0049   |g|=2.3654   tr_acc=131/144 mins=50.46     
epoch=26    ch_step=9100   loss=0.192145 lr=0.0049   |g|=1.8601   tr_acc=135/144 mins=50.71     
epoch=26    ch_step=9150   loss=0.287819 lr=0.0049   |g|=2.0855   tr_acc=132/144 mins=50.96     
epoch=26    ch_step=9200   loss=0.329744 lr=0.0049   |g|=2.5886   tr_acc=129/144 mins=51.21     
epoch=26    ch_step=9250   loss=0.179488 lr=0.0049   |g|=1.9688   tr_acc=135/144 mins=51.46     
epoch=26    ch_step=9300   loss=0.229930 lr=0.0049   |g|=2.3271   tr_acc=133/144 mins=51.70     
epoch=26    ch_step=9350   loss=0.267576 lr=0.0049   |g|=2.2038   tr_acc=132/144 mins=51.95     
Epoch 27: Eval
Eval at 9396
test_accuracy: 0.8711
epoch=27    ch_step=9400   loss=0.290244 lr=0.0028   |g|=2.5792   tr_acc=129/144 mins=52.39     
epoch=27    ch_step=9450   loss=0.290660 lr=0.0028   |g|=2.6054   tr_acc=128/144 mins=52.64     
epoch=27    ch_step=9500   loss=0.161703 lr=0.0028   |g|=1.9422   tr_acc=139/144 mins=52.89     
epoch=27    ch_step=9550   loss=0.273365 lr=0.0028   |g|=2.7004   tr_acc=131/144 mins=53.14     
epoch=27    ch_step=9600   loss=0.312918 lr=0.0028   |g|=2.8699   tr_acc=130/144 mins=53.39     
epoch=27    ch_step=9650   loss=0.312987 lr=0.0028   |g|=3.0140   tr_acc=130/144 mins=53.64     
epoch=27    ch_step=9700   loss=0.232772 lr=0.0028   |g|=2.8573   tr_acc=134/144 mins=53.89     
Epoch 28: Eval
Eval at 9744
test_accuracy: 0.8833
epoch=28    ch_step=9750   loss=0.312607 lr=0.0013   |g|=2.9036   tr_acc=126/144 mins=54.33     
epoch=28    ch_step=9800   loss=0.271134 lr=0.0013   |g|=2.8954   tr_acc=126/144 mins=54.58     
epoch=28    ch_step=9850   loss=0.170995 lr=0.0013   |g|=2.1903   tr_acc=136/144 mins=54.83     
epoch=28    ch_step=9900   loss=0.249877 lr=0.0013   |g|=2.6973   tr_acc=134/144 mins=55.08     
epoch=28    ch_step=9950   loss=0.268729 lr=0.0013   |g|=2.8827   tr_acc=131/144 mins=55.32     
epoch=28    ch_step=10000  loss=0.290669 lr=0.0013   |g|=3.1333   tr_acc=133/144 mins=55.57     
epoch=28    ch_step=10050  loss=0.266320 lr=0.0013   |g|=2.6948   tr_acc=134/144 mins=55.82     
Epoch 29: Eval
Eval at 10092
test_accuracy: 0.8868
epoch=29    ch_step=10100  loss=0.291334 lr=0.0004   |g|=3.0764   tr_acc=130/144 mins=56.26     
epoch=29    ch_step=10150  loss=0.229697 lr=0.0004   |g|=2.5495   tr_acc=135/144 mins=56.51     
epoch=29    ch_step=10200  loss=0.161412 lr=0.0004   |g|=2.5907   tr_acc=135/144 mins=56.76     
epoch=29    ch_step=10250  loss=0.255677 lr=0.0004   |g|=3.5331   tr_acc=128/144 mins=57.01     
epoch=29    ch_step=10300  loss=0.195439 lr=0.0004   |g|=2.9032   tr_acc=133/144 mins=57.26     
epoch=29    ch_step=10350  loss=0.212906 lr=0.0004   |g|=2.6250   tr_acc=137/144 mins=57.51     
epoch=29    ch_step=10400  loss=0.177831 lr=0.0004   |g|=1.9942   tr_acc=137/144 mins=57.76     
Epoch 30: Eval
Eval at 10440
test_accuracy: 0.8884
epoch=30    ch_step=10450  loss=0.694651 lr=0.0500   |g|=4.7871   tr_acc=112/144 mins=58.21     
epoch=30    ch_step=10500  loss=0.796550 lr=0.0500   |g|=2.8619   tr_acc=105/144 mins=58.45     
epoch=30    ch_step=10550  loss=0.640640 lr=0.0500   |g|=2.2338   tr_acc=107/144 mins=58.70     
epoch=30    ch_step=10600  loss=0.727150 lr=0.0500   |g|=3.2395   tr_acc=111/144 mins=58.95     
epoch=30    ch_step=10650  loss=0.595210 lr=0.0500   |g|=2.3585   tr_acc=116/144 mins=59.20     
epoch=30    ch_step=10700  loss=0.702610 lr=0.0500   |g|=2.3732   tr_acc=112/144 mins=59.45     
epoch=30    ch_step=10750  loss=0.540173 lr=0.0500   |g|=1.8509   tr_acc=120/144 mins=59.70     
Epoch 31: Eval
Eval at 10788
test_accuracy: 0.7513
epoch=31    ch_step=10800  loss=0.588675 lr=0.0499   |g|=1.9959   tr_acc=119/144 mins=60.14     
epoch=31    ch_step=10850  loss=0.619269 lr=0.0499   |g|=2.3665   tr_acc=116/144 mins=60.39     
epoch=31    ch_step=10900  loss=0.501368 lr=0.0499   |g|=2.2258   tr_acc=119/144 mins=60.64     
epoch=31    ch_step=10950  loss=0.575640 lr=0.0499   |g|=1.7065   tr_acc=124/144 mins=60.89     
epoch=31    ch_step=11000  loss=0.575550 lr=0.0499   |g|=2.3001   tr_acc=114/144 mins=61.13     
epoch=31    ch_step=11050  loss=0.651703 lr=0.0499   |g|=2.6659   tr_acc=114/144 mins=61.38     
epoch=31    ch_step=11100  loss=0.654240 lr=0.0499   |g|=2.6545   tr_acc=117/144 mins=61.63     
Epoch 32: Eval
Eval at 11136
test_accuracy: 0.7041
epoch=32    ch_step=11150  loss=0.477195 lr=0.0497   |g|=2.2720   tr_acc=118/144 mins=62.07     
epoch=32    ch_step=11200  loss=0.680202 lr=0.0497   |g|=2.3638   tr_acc=112/144 mins=62.32     
epoch=32    ch_step=11250  loss=0.547866 lr=0.0497   |g|=2.2244   tr_acc=119/144 mins=62.56     
epoch=32    ch_step=11300  loss=0.448742 lr=0.0497   |g|=1.8825   tr_acc=121/144 mins=62.81     
epoch=32    ch_step=11350  loss=0.600127 lr=0.0497   |g|=1.9417   tr_acc=118/144 mins=63.06     
epoch=32    ch_step=11400  loss=0.570436 lr=0.0497   |g|=1.8462   tr_acc=120/144 mins=63.31     
epoch=32    ch_step=11450  loss=0.515508 lr=0.0497   |g|=1.8024   tr_acc=125/144 mins=63.56     
Epoch 33: Eval
Eval at 11484
test_accuracy: 0.7176
epoch=33    ch_step=11500  loss=0.562161 lr=0.0493   |g|=2.1377   tr_acc=112/144 mins=64.00     
epoch=33    ch_step=11550  loss=0.638833 lr=0.0493   |g|=2.4159   tr_acc=111/144 mins=64.25     
epoch=33    ch_step=11600  loss=0.582117 lr=0.0493   |g|=2.2334   tr_acc=116/144 mins=64.50     
epoch=33    ch_step=11650  loss=0.455053 lr=0.0493   |g|=1.6203   tr_acc=120/144 mins=64.75     
epoch=33    ch_step=11700  loss=0.480617 lr=0.0493   |g|=2.0483   tr_acc=123/144 mins=65.00     
epoch=33    ch_step=11750  loss=0.587486 lr=0.0493   |g|=2.2739   tr_acc=113/144 mins=65.24     
epoch=33    ch_step=11800  loss=0.512992 lr=0.0493   |g|=2.1201   tr_acc=119/144 mins=65.49     
Epoch 34: Eval
Eval at 11832
test_accuracy: 0.6373
epoch=34    ch_step=11850  loss=0.524895 lr=0.0488   |g|=2.1655   tr_acc=117/144 mins=65.93     
epoch=34    ch_step=11900  loss=0.589071 lr=0.0488   |g|=2.4336   tr_acc=111/144 mins=66.18     
epoch=34    ch_step=11950  loss=0.478460 lr=0.0488   |g|=1.8759   tr_acc=121/144 mins=66.43     
epoch=34    ch_step=12000  loss=0.502680 lr=0.0488   |g|=1.9862   tr_acc=120/144 mins=66.68     
epoch=34    ch_step=12050  loss=0.611999 lr=0.0488   |g|=2.4509   tr_acc=116/144 mins=66.93     
epoch=34    ch_step=12100  loss=0.705598 lr=0.0488   |g|=2.1999   tr_acc=112/144 mins=67.18     
epoch=34    ch_step=12150  loss=0.611727 lr=0.0488   |g|=2.4847   tr_acc=114/144 mins=67.43     
Epoch 35: Eval
Eval at 12180
test_accuracy: 0.7263
epoch=35    ch_step=12200  loss=0.479277 lr=0.0481   |g|=1.7325   tr_acc=116/144 mins=67.87     
epoch=35    ch_step=12250  loss=0.464793 lr=0.0481   |g|=1.5867   tr_acc=122/144 mins=68.11     
epoch=35    ch_step=12300  loss=0.434077 lr=0.0481   |g|=1.9037   tr_acc=122/144 mins=68.36     
epoch=35    ch_step=12350  loss=0.398458 lr=0.0481   |g|=1.5465   tr_acc=129/144 mins=68.61     
epoch=35    ch_step=12400  loss=0.573908 lr=0.0481   |g|=1.8563   tr_acc=117/144 mins=68.86     
epoch=35    ch_step=12450  loss=0.545284 lr=0.0481   |g|=2.3499   tr_acc=120/144 mins=69.11     
epoch=35    ch_step=12500  loss=0.564582 lr=0.0481   |g|=2.3926   tr_acc=116/144 mins=69.36     
Epoch 36: Eval
Eval at 12528
test_accuracy: 0.6360
epoch=36    ch_step=12550  loss=0.458380 lr=0.0473   |g|=1.8924   tr_acc=122/144 mins=69.79     
epoch=36    ch_step=12600  loss=0.420883 lr=0.0473   |g|=1.7653   tr_acc=126/144 mins=70.04     
epoch=36    ch_step=12650  loss=0.486752 lr=0.0473   |g|=1.8811   tr_acc=126/144 mins=70.29     
epoch=36    ch_step=12700  loss=0.425052 lr=0.0473   |g|=1.9181   tr_acc=123/144 mins=70.54     
epoch=36    ch_step=12750  loss=0.462736 lr=0.0473   |g|=1.8345   tr_acc=122/144 mins=70.79     
epoch=36    ch_step=12800  loss=0.619929 lr=0.0473   |g|=2.1507   tr_acc=117/144 mins=71.04     
epoch=36    ch_step=12850  loss=0.410197 lr=0.0473   |g|=1.7040   tr_acc=122/144 mins=71.29     
Epoch 37: Eval
Eval at 12876
test_accuracy: 0.7417
epoch=37    ch_step=12900  loss=0.476485 lr=0.0463   |g|=1.9436   tr_acc=122/144 mins=71.73     
epoch=37    ch_step=12950  loss=0.370273 lr=0.0463   |g|=2.0775   tr_acc=125/144 mins=71.98     
epoch=37    ch_step=13000  loss=0.551479 lr=0.0463   |g|=2.1778   tr_acc=118/144 mins=72.23     
epoch=37    ch_step=13050  loss=0.499753 lr=0.0463   |g|=2.5393   tr_acc=121/144 mins=72.48     
epoch=37    ch_step=13100  loss=0.362174 lr=0.0463   |g|=1.9045   tr_acc=129/144 mins=72.73     
epoch=37    ch_step=13150  loss=0.457354 lr=0.0463   |g|=2.1165   tr_acc=119/144 mins=72.98     
epoch=37    ch_step=13200  loss=0.508492 lr=0.0463   |g|=1.9712   tr_acc=119/144 mins=73.23     
Epoch 38: Eval
Eval at 13224
test_accuracy: 0.7920
epoch=38    ch_step=13250  loss=0.541536 lr=0.0452   |g|=2.2569   tr_acc=116/144 mins=73.66     
epoch=38    ch_step=13300  loss=0.454304 lr=0.0452   |g|=2.0659   tr_acc=126/144 mins=73.91     
epoch=38    ch_step=13350  loss=0.471471 lr=0.0452   |g|=1.9718   tr_acc=121/144 mins=74.16     
epoch=38    ch_step=13400  loss=0.419975 lr=0.0452   |g|=1.9149   tr_acc=127/144 mins=74.41     
epoch=38    ch_step=13450  loss=0.305721 lr=0.0452   |g|=1.7452   tr_acc=130/144 mins=74.66     
epoch=38    ch_step=13500  loss=0.496069 lr=0.0452   |g|=2.1981   tr_acc=119/144 mins=74.91     
epoch=38    ch_step=13550  loss=0.494451 lr=0.0452   |g|=2.6114   tr_acc=119/144 mins=75.16     
Epoch 39: Eval
Eval at 13572
test_accuracy: 0.7554
epoch=39    ch_step=13600  loss=0.541264 lr=0.0440   |g|=2.3828   tr_acc=118/144 mins=75.59     
epoch=39    ch_step=13650  loss=0.332177 lr=0.0440   |g|=1.7288   tr_acc=127/144 mins=75.84     
epoch=39    ch_step=13700  loss=0.536641 lr=0.0440   |g|=2.3297   tr_acc=112/144 mins=76.09     
epoch=39    ch_step=13750  loss=0.333995 lr=0.0440   |g|=1.6053   tr_acc=129/144 mins=76.34     
epoch=39    ch_step=13800  loss=0.424952 lr=0.0440   |g|=2.1900   tr_acc=122/144 mins=76.59     
epoch=39    ch_step=13850  loss=0.435061 lr=0.0440   |g|=2.1972   tr_acc=126/144 mins=76.84     
epoch=39    ch_step=13900  loss=0.686794 lr=0.0440   |g|=2.5111   tr_acc=111/144 mins=77.08     
Epoch 40: Eval
Eval at 13920
test_accuracy: 0.7963
epoch=40    ch_step=13950  loss=0.598526 lr=0.0427   |g|=2.1979   tr_acc=116/144 mins=77.52     
epoch=40    ch_step=14000  loss=0.451614 lr=0.0427   |g|=2.0643   tr_acc=122/144 mins=77.77     
epoch=40    ch_step=14050  loss=0.476437 lr=0.0427   |g|=2.1620   tr_acc=119/144 mins=78.04     
epoch=40    ch_step=14100  loss=0.429477 lr=0.0427   |g|=2.2513   tr_acc=121/144 mins=78.29     
epoch=40    ch_step=14150  loss=0.366583 lr=0.0427   |g|=1.5271   tr_acc=127/144 mins=78.54     
epoch=40    ch_step=14200  loss=0.486020 lr=0.0427   |g|=2.3580   tr_acc=123/144 mins=78.79     
epoch=40    ch_step=14250  loss=0.521503 lr=0.0427   |g|=2.2785   tr_acc=113/144 mins=79.04     
Epoch 41: Eval
Eval at 14268
test_accuracy: 0.7628
epoch=41    ch_step=14300  loss=0.420929 lr=0.0413   |g|=2.1170   tr_acc=124/144 mins=79.48     
epoch=41    ch_step=14350  loss=0.462862 lr=0.0413   |g|=2.1018   tr_acc=118/144 mins=79.73     
epoch=41    ch_step=14400  loss=0.466768 lr=0.0413   |g|=1.7259   tr_acc=127/144 mins=79.98     
epoch=41    ch_step=14450  loss=0.406033 lr=0.0413   |g|=2.0119   tr_acc=126/144 mins=80.23     
epoch=41    ch_step=14500  loss=0.571289 lr=0.0413   |g|=2.6247   tr_acc=120/144 mins=80.47     
epoch=41    ch_step=14550  loss=0.447076 lr=0.0413   |g|=2.0102   tr_acc=124/144 mins=80.72     
epoch=41    ch_step=14600  loss=0.427466 lr=0.0413   |g|=2.0270   tr_acc=124/144 mins=80.97     
Epoch 42: Eval
Eval at 14616
test_accuracy: 0.7897
epoch=42    ch_step=14650  loss=0.459665 lr=0.0397   |g|=2.1762   tr_acc=120/144 mins=81.42     
epoch=42    ch_step=14700  loss=0.497975 lr=0.0397   |g|=2.1081   tr_acc=122/144 mins=81.67     
epoch=42    ch_step=14750  loss=0.547081 lr=0.0397   |g|=2.0611   tr_acc=122/144 mins=81.92     
epoch=42    ch_step=14800  loss=0.455538 lr=0.0397   |g|=2.3207   tr_acc=123/144 mins=82.16     
epoch=42    ch_step=14850  loss=0.519003 lr=0.0397   |g|=2.1470   tr_acc=116/144 mins=82.41     
epoch=42    ch_step=14900  loss=0.378143 lr=0.0397   |g|=1.9900   tr_acc=129/144 mins=82.66     
epoch=42    ch_step=14950  loss=0.572336 lr=0.0397   |g|=2.3722   tr_acc=120/144 mins=82.91     
Epoch 43: Eval
Eval at 14964
test_accuracy: 0.7929
epoch=43    ch_step=15000  loss=0.480393 lr=0.0381   |g|=2.2714   tr_acc=122/144 mins=83.36     
epoch=43    ch_step=15050  loss=0.511505 lr=0.0381   |g|=2.5486   tr_acc=117/144 mins=83.61     
epoch=43    ch_step=15100  loss=0.475952 lr=0.0381   |g|=2.5277   tr_acc=122/144 mins=83.86     
epoch=43    ch_step=15150  loss=0.512557 lr=0.0381   |g|=2.9446   tr_acc=113/144 mins=84.10     
epoch=43    ch_step=15200  loss=0.444521 lr=0.0381   |g|=2.1689   tr_acc=123/144 mins=84.35     
epoch=43    ch_step=15250  loss=0.504666 lr=0.0381   |g|=2.4040   tr_acc=119/144 mins=84.60     
epoch=43    ch_step=15300  loss=0.289733 lr=0.0381   |g|=1.4794   tr_acc=130/144 mins=84.85     
Epoch 44: Eval
Eval at 15312
test_accuracy: 0.7878
epoch=44    ch_step=15350  loss=0.312861 lr=0.0364   |g|=1.9370   tr_acc=127/144 mins=85.29     
epoch=44    ch_step=15400  loss=0.403820 lr=0.0364   |g|=2.5062   tr_acc=119/144 mins=85.54     
epoch=44    ch_step=15450  loss=0.414877 lr=0.0364   |g|=1.9548   tr_acc=126/144 mins=85.79     
epoch=44    ch_step=15500  loss=0.332859 lr=0.0364   |g|=1.7426   tr_acc=130/144 mins=86.04     
epoch=44    ch_step=15550  loss=0.433465 lr=0.0364   |g|=2.5011   tr_acc=119/144 mins=86.29     
epoch=44    ch_step=15600  loss=0.488368 lr=0.0364   |g|=2.3160   tr_acc=124/144 mins=86.54     
epoch=44    ch_step=15650  loss=0.406668 lr=0.0364   |g|=2.1015   tr_acc=121/144 mins=86.79     
Epoch 45: Eval
Eval at 15660
test_accuracy: 0.8182
epoch=45    ch_step=15700  loss=0.412413 lr=0.0346   |g|=2.2587   tr_acc=117/144 mins=87.23     
epoch=45    ch_step=15750  loss=0.373657 lr=0.0346   |g|=2.2506   tr_acc=124/144 mins=87.48     
epoch=45    ch_step=15800  loss=0.484139 lr=0.0346   |g|=2.3499   tr_acc=119/144 mins=87.73     
epoch=45    ch_step=15850  loss=0.511812 lr=0.0346   |g|=2.2688   tr_acc=120/144 mins=87.98     
epoch=45    ch_step=15900  loss=0.464372 lr=0.0346   |g|=2.6126   tr_acc=121/144 mins=88.23     
epoch=45    ch_step=15950  loss=0.475562 lr=0.0346   |g|=2.4495   tr_acc=125/144 mins=88.48     
epoch=45    ch_step=16000  loss=0.472835 lr=0.0346   |g|=3.1780   tr_acc=119/144 mins=88.72     
Epoch 46: Eval
Eval at 16008
test_accuracy: 0.7940
epoch=46    ch_step=16050  loss=0.477886 lr=0.0328   |g|=3.1203   tr_acc=123/144 mins=89.17     
epoch=46    ch_step=16100  loss=0.431846 lr=0.0328   |g|=2.3544   tr_acc=121/144 mins=89.42     
epoch=46    ch_step=16150  loss=0.486702 lr=0.0328   |g|=2.3650   tr_acc=122/144 mins=89.67     
epoch=46    ch_step=16200  loss=0.492698 lr=0.0328   |g|=2.4524   tr_acc=117/144 mins=89.92     
epoch=46    ch_step=16250  loss=0.601331 lr=0.0328   |g|=2.7013   tr_acc=122/144 mins=90.16     
epoch=46    ch_step=16300  loss=0.426636 lr=0.0328   |g|=2.4228   tr_acc=124/144 mins=90.41     
epoch=46    ch_step=16350  loss=0.241286 lr=0.0328   |g|=1.7419   tr_acc=134/144 mins=90.66     
Epoch 47: Eval
Eval at 16356
test_accuracy: 0.8250
epoch=47    ch_step=16400  loss=0.369085 lr=0.0309   |g|=2.1919   tr_acc=129/144 mins=91.10     
epoch=47    ch_step=16450  loss=0.363881 lr=0.0309   |g|=2.0508   tr_acc=125/144 mins=91.35     
epoch=47    ch_step=16500  loss=0.445427 lr=0.0309   |g|=2.4466   tr_acc=122/144 mins=91.60     
epoch=47    ch_step=16550  loss=0.409728 lr=0.0309   |g|=2.6735   tr_acc=124/144 mins=91.85     
epoch=47    ch_step=16600  loss=0.497938 lr=0.0309   |g|=2.3606   tr_acc=120/144 mins=92.10     
epoch=47    ch_step=16650  loss=0.415488 lr=0.0309   |g|=2.6895   tr_acc=124/144 mins=92.34     
epoch=47    ch_step=16700  loss=0.272022 lr=0.0309   |g|=1.7614   tr_acc=130/144 mins=92.59     
Epoch 48: Eval
Eval at 16704
test_accuracy: 0.8449
epoch=48    ch_step=16750  loss=0.401690 lr=0.0290   |g|=2.3083   tr_acc=127/144 mins=93.03     
epoch=48    ch_step=16800  loss=0.343861 lr=0.0290   |g|=2.3481   tr_acc=132/144 mins=93.28     
epoch=48    ch_step=16850  loss=0.231211 lr=0.0290   |g|=1.8415   tr_acc=133/144 mins=93.53     
epoch=48    ch_step=16900  loss=0.213624 lr=0.0290   |g|=1.6793   tr_acc=133/144 mins=93.77     
epoch=48    ch_step=16950  loss=0.334511 lr=0.0290   |g|=2.3092   tr_acc=128/144 mins=94.02     
epoch=48    ch_step=17000  loss=0.394779 lr=0.0290   |g|=2.5607   tr_acc=122/144 mins=94.27     
epoch=48    ch_step=17050  loss=0.421855 lr=0.0290   |g|=2.2748   tr_acc=125/144 mins=94.52     
Epoch 49: Eval
Eval at 17052
test_accuracy: 0.8288
epoch=49    ch_step=17100  loss=0.433541 lr=0.0270   |g|=2.4635   tr_acc=124/144 mins=94.96     
epoch=49    ch_step=17150  loss=0.466982 lr=0.0270   |g|=2.7099   tr_acc=120/144 mins=95.21     
epoch=49    ch_step=17200  loss=0.258159 lr=0.0270   |g|=2.1170   tr_acc=131/144 mins=95.46     
epoch=49    ch_step=17250  loss=0.434212 lr=0.0270   |g|=2.4929   tr_acc=129/144 mins=95.70     
epoch=49    ch_step=17300  loss=0.467796 lr=0.0270   |g|=2.8579   tr_acc=125/144 mins=95.95     
epoch=49    ch_step=17350  loss=0.425572 lr=0.0270   |g|=2.9376   tr_acc=123/144 mins=96.20     
epoch=50    ch_step=17400  loss=0.362103 lr=0.0270   |g|=2.2278   tr_acc=127/144 mins=96.57     
Epoch 50: Eval
Eval at 17400
test_accuracy: 0.8622
epoch=50    ch_step=17450  loss=0.369817 lr=0.0251   |g|=2.2536   tr_acc=126/144 mins=96.89     
epoch=50    ch_step=17500  loss=0.297468 lr=0.0251   |g|=2.1844   tr_acc=130/144 mins=97.14     
epoch=50    ch_step=17550  loss=0.290838 lr=0.0251   |g|=2.1935   tr_acc=127/144 mins=97.39     
epoch=50    ch_step=17600  loss=0.465675 lr=0.0251   |g|=2.9553   tr_acc=126/144 mins=97.64     
epoch=50    ch_step=17650  loss=0.360047 lr=0.0251   |g|=2.4212   tr_acc=127/144 mins=97.88     
epoch=50    ch_step=17700  loss=0.346783 lr=0.0251   |g|=2.1499   tr_acc=132/144 mins=98.13     
Epoch 51: Eval
Eval at 17748
test_accuracy: 0.8577
epoch=51    ch_step=17750  loss=0.375497 lr=0.0231   |g|=2.5033   tr_acc=128/144 mins=98.58     
epoch=51    ch_step=17800  loss=0.289355 lr=0.0231   |g|=2.6191   tr_acc=128/144 mins=98.82     
epoch=51    ch_step=17850  loss=0.410674 lr=0.0231   |g|=2.6578   tr_acc=125/144 mins=99.07     
epoch=51    ch_step=17900  loss=0.343544 lr=0.0231   |g|=2.2735   tr_acc=131/144 mins=99.32     
epoch=51    ch_step=17950  loss=0.306638 lr=0.0231   |g|=1.8633   tr_acc=133/144 mins=99.57     
epoch=51    ch_step=18000  loss=0.398912 lr=0.0231   |g|=2.6503   tr_acc=122/144 mins=99.82     
epoch=51    ch_step=18050  loss=0.348024 lr=0.0231   |g|=2.4075   tr_acc=130/144 mins=100.07    
Epoch 52: Eval
Eval at 18096
test_accuracy: 0.8606
epoch=52    ch_step=18100  loss=0.377014 lr=0.0211   |g|=3.1335   tr_acc=127/144 mins=100.51    
epoch=52    ch_step=18150  loss=0.231071 lr=0.0211   |g|=1.7450   tr_acc=131/144 mins=100.76    
epoch=52    ch_step=18200  loss=0.293393 lr=0.0211   |g|=2.0827   tr_acc=130/144 mins=101.01    
epoch=52    ch_step=18250  loss=0.284255 lr=0.0211   |g|=2.5234   tr_acc=128/144 mins=101.26    
epoch=52    ch_step=18300  loss=0.333649 lr=0.0211   |g|=2.3738   tr_acc=127/144 mins=101.51    
epoch=52    ch_step=18350  loss=0.303380 lr=0.0211   |g|=2.2858   tr_acc=133/144 mins=101.76    
epoch=52    ch_step=18400  loss=0.366465 lr=0.0211   |g|=2.9155   tr_acc=125/144 mins=102.00    
Epoch 53: Eval
Eval at 18444
test_accuracy: 0.8688
epoch=53    ch_step=18450  loss=0.230683 lr=0.0192   |g|=2.0632   tr_acc=129/144 mins=102.45    
epoch=53    ch_step=18500  loss=0.238631 lr=0.0192   |g|=2.1407   tr_acc=132/144 mins=102.69    
epoch=53    ch_step=18550  loss=0.353308 lr=0.0192   |g|=2.8226   tr_acc=131/144 mins=102.94    
epoch=53    ch_step=18600  loss=0.378205 lr=0.0192   |g|=2.5790   tr_acc=125/144 mins=103.19    
epoch=53    ch_step=18650  loss=0.254487 lr=0.0192   |g|=2.1547   tr_acc=133/144 mins=103.44    
epoch=53    ch_step=18700  loss=0.261408 lr=0.0192   |g|=3.1326   tr_acc=129/144 mins=103.69    
epoch=53    ch_step=18750  loss=0.385528 lr=0.0192   |g|=3.6981   tr_acc=129/144 mins=103.94    
Epoch 54: Eval
Eval at 18792
test_accuracy: 0.8528
epoch=54    ch_step=18800  loss=0.204733 lr=0.0173   |g|=2.1075   tr_acc=136/144 mins=104.38    
epoch=54    ch_step=18850  loss=0.219472 lr=0.0173   |g|=2.7884   tr_acc=132/144 mins=104.63    
epoch=54    ch_step=18900  loss=0.357974 lr=0.0173   |g|=2.9603   tr_acc=130/144 mins=104.88    
epoch=54    ch_step=18950  loss=0.138406 lr=0.0173   |g|=1.7870   tr_acc=138/144 mins=105.13    
epoch=54    ch_step=19000  loss=0.108921 lr=0.0173   |g|=1.5581   tr_acc=141/144 mins=105.37    
epoch=54    ch_step=19050  loss=0.274802 lr=0.0173   |g|=2.7919   tr_acc=130/144 mins=105.62    
epoch=54    ch_step=19100  loss=0.320188 lr=0.0173   |g|=2.9154   tr_acc=129/144 mins=105.87    
Epoch 55: Eval
Eval at 19140
test_accuracy: 0.8601
epoch=55    ch_step=19150  loss=0.230313 lr=0.0155   |g|=1.9344   tr_acc=134/144 mins=106.32    
epoch=55    ch_step=19200  loss=0.308837 lr=0.0155   |g|=2.5702   tr_acc=128/144 mins=106.57    
epoch=55    ch_step=19250  loss=0.220696 lr=0.0155   |g|=2.6593   tr_acc=134/144 mins=106.81    
epoch=55    ch_step=19300  loss=0.270345 lr=0.0155   |g|=2.9063   tr_acc=127/144 mins=107.06    
epoch=55    ch_step=19350  loss=0.207332 lr=0.0155   |g|=2.5884   tr_acc=133/144 mins=107.31    
epoch=55    ch_step=19400  loss=0.242228 lr=0.0155   |g|=2.4200   tr_acc=129/144 mins=107.56    
epoch=55    ch_step=19450  loss=0.288975 lr=0.0155   |g|=2.6186   tr_acc=131/144 mins=107.81    
Epoch 56: Eval
Eval at 19488
test_accuracy: 0.8821
epoch=56    ch_step=19500  loss=0.131731 lr=0.0137   |g|=1.8330   tr_acc=137/144 mins=108.25    
epoch=56    ch_step=19550  loss=0.293486 lr=0.0137   |g|=2.6789   tr_acc=130/144 mins=108.50    
epoch=56    ch_step=19600  loss=0.182948 lr=0.0137   |g|=1.9842   tr_acc=136/144 mins=108.75    
epoch=56    ch_step=19650  loss=0.138125 lr=0.0137   |g|=1.9750   tr_acc=135/144 mins=109.00    
epoch=56    ch_step=19700  loss=0.206492 lr=0.0137   |g|=2.4453   tr_acc=132/144 mins=109.24    
epoch=56    ch_step=19750  loss=0.218599 lr=0.0137   |g|=2.7096   tr_acc=133/144 mins=109.49    
epoch=56    ch_step=19800  loss=0.319255 lr=0.0137   |g|=2.5388   tr_acc=132/144 mins=109.74    
Epoch 57: Eval
Eval at 19836
test_accuracy: 0.8541
epoch=57    ch_step=19850  loss=0.143361 lr=0.0120   |g|=1.6916   tr_acc=139/144 mins=110.18    
epoch=57    ch_step=19900  loss=0.190866 lr=0.0120   |g|=2.7324   tr_acc=134/144 mins=110.43    
epoch=57    ch_step=19950  loss=0.196037 lr=0.0120   |g|=2.6535   tr_acc=136/144 mins=110.68    
epoch=57    ch_step=20000  loss=0.239067 lr=0.0120   |g|=2.6071   tr_acc=130/144 mins=110.94    
epoch=57    ch_step=20050  loss=0.201894 lr=0.0120   |g|=2.6989   tr_acc=133/144 mins=111.19    
epoch=57    ch_step=20100  loss=0.151761 lr=0.0120   |g|=1.9379   tr_acc=141/144 mins=111.43    
epoch=57    ch_step=20150  loss=0.275735 lr=0.0120   |g|=3.3252   tr_acc=130/144 mins=111.68    
Epoch 58: Eval
Eval at 20184
test_accuracy: 0.8786
epoch=58    ch_step=20200  loss=0.201148 lr=0.0104   |g|=2.5766   tr_acc=132/144 mins=112.13    
epoch=58    ch_step=20250  loss=0.230653 lr=0.0104   |g|=2.8751   tr_acc=131/144 mins=112.38    
epoch=58    ch_step=20300  loss=0.223529 lr=0.0104   |g|=2.8126   tr_acc=132/144 mins=112.63    
epoch=58    ch_step=20350  loss=0.169576 lr=0.0104   |g|=2.8319   tr_acc=133/144 mins=112.87    
epoch=58    ch_step=20400  loss=0.107965 lr=0.0104   |g|=1.5536   tr_acc=141/144 mins=113.12    
epoch=58    ch_step=20450  loss=0.277434 lr=0.0104   |g|=2.7942   tr_acc=132/144 mins=113.37    
epoch=58    ch_step=20500  loss=0.158509 lr=0.0104   |g|=1.9463   tr_acc=139/144 mins=113.62    
Epoch 59: Eval
Eval at 20532
test_accuracy: 0.9007
epoch=59    ch_step=20550  loss=0.159512 lr=0.0088   |g|=2.5353   tr_acc=136/144 mins=114.06    
epoch=59    ch_step=20600  loss=0.176883 lr=0.0088   |g|=2.1916   tr_acc=135/144 mins=114.31    
epoch=59    ch_step=20650  loss=0.132275 lr=0.0088   |g|=1.7810   tr_acc=139/144 mins=114.56    
epoch=59    ch_step=20700  loss=0.152944 lr=0.0088   |g|=2.2340   tr_acc=136/144 mins=114.80    
epoch=59    ch_step=20750  loss=0.185310 lr=0.0088   |g|=3.0114   tr_acc=133/144 mins=115.05    
epoch=59    ch_step=20800  loss=0.248954 lr=0.0088   |g|=3.7828   tr_acc=133/144 mins=115.31    
epoch=59    ch_step=20850  loss=0.143700 lr=0.0088   |g|=2.5301   tr_acc=139/144 mins=115.56    
Epoch 60: Eval
Eval at 20880
test_accuracy: 0.8958
epoch=60    ch_step=20900  loss=0.199508 lr=0.0074   |g|=2.3961   tr_acc=133/144 mins=116.00    
epoch=60    ch_step=20950  loss=0.238413 lr=0.0074   |g|=3.2909   tr_acc=134/144 mins=116.25    
epoch=60    ch_step=21000  loss=0.096430 lr=0.0074   |g|=1.9949   tr_acc=138/144 mins=116.50    
epoch=60    ch_step=21050  loss=0.198544 lr=0.0074   |g|=2.6096   tr_acc=139/144 mins=116.75    
epoch=60    ch_step=21100  loss=0.164611 lr=0.0074   |g|=2.3726   tr_acc=137/144 mins=117.00    
epoch=60    ch_step=21150  loss=0.118985 lr=0.0074   |g|=1.8498   tr_acc=140/144 mins=117.25    
epoch=60    ch_step=21200  loss=0.154135 lr=0.0074   |g|=2.6830   tr_acc=137/144 mins=117.49    
Epoch 61: Eval
Eval at 21228
test_accuracy: 0.9139
epoch=61    ch_step=21250  loss=0.129874 lr=0.0061   |g|=2.4434   tr_acc=138/144 mins=117.94    
epoch=61    ch_step=21300  loss=0.224668 lr=0.0061   |g|=3.1652   tr_acc=134/144 mins=118.19    
epoch=61    ch_step=21350  loss=0.077496 lr=0.0061   |g|=1.6169   tr_acc=142/144 mins=118.45    
epoch=61    ch_step=21400  loss=0.115383 lr=0.0061   |g|=2.4912   tr_acc=139/144 mins=118.70    
epoch=61    ch_step=21450  loss=0.153931 lr=0.0061   |g|=2.8301   tr_acc=136/144 mins=118.95    
epoch=61    ch_step=21500  loss=0.142172 lr=0.0061   |g|=2.5297   tr_acc=137/144 mins=119.20    
epoch=61    ch_step=21550  loss=0.233228 lr=0.0061   |g|=2.7965   tr_acc=134/144 mins=119.45    
Epoch 62: Eval
Eval at 21576
test_accuracy: 0.8987
epoch=62    ch_step=21600  loss=0.135363 lr=0.0049   |g|=3.2343   tr_acc=136/144 mins=119.89    
epoch=62    ch_step=21650  loss=0.132768 lr=0.0049   |g|=2.4122   tr_acc=137/144 mins=120.14    
epoch=62    ch_step=21700  loss=0.180818 lr=0.0049   |g|=3.5461   tr_acc=131/144 mins=120.39    
epoch=62    ch_step=21750  loss=0.201291 lr=0.0049   |g|=3.0466   tr_acc=135/144 mins=120.64    
epoch=62    ch_step=21800  loss=0.108400 lr=0.0049   |g|=2.9728   tr_acc=138/144 mins=120.89    
epoch=62    ch_step=21850  loss=0.081249 lr=0.0049   |g|=1.6886   tr_acc=139/144 mins=121.13    
epoch=62    ch_step=21900  loss=0.125446 lr=0.0049   |g|=3.1473   tr_acc=137/144 mins=121.38    
Epoch 63: Eval
Eval at 21924
test_accuracy: 0.9103
epoch=63    ch_step=21950  loss=0.091488 lr=0.0038   |g|=2.8345   tr_acc=139/144 mins=121.83    
epoch=63    ch_step=22000  loss=0.070804 lr=0.0038   |g|=2.2661   tr_acc=141/144 mins=122.07    
epoch=63    ch_step=22050  loss=0.055990 lr=0.0038   |g|=1.8802   tr_acc=142/144 mins=122.32    
epoch=63    ch_step=22100  loss=0.138834 lr=0.0038   |g|=2.8703   tr_acc=138/144 mins=122.57    
epoch=63    ch_step=22150  loss=0.107450 lr=0.0038   |g|=2.3695   tr_acc=139/144 mins=122.82    
epoch=63    ch_step=22200  loss=0.081652 lr=0.0038   |g|=1.9955   tr_acc=140/144 mins=123.07    
epoch=63    ch_step=22250  loss=0.076193 lr=0.0038   |g|=1.4686   tr_acc=141/144 mins=123.31    
Epoch 64: Eval
Eval at 22272
test_accuracy: 0.9125
epoch=64    ch_step=22300  loss=0.084522 lr=0.0028   |g|=1.9557   tr_acc=142/144 mins=123.76    
epoch=64    ch_step=22350  loss=0.099968 lr=0.0028   |g|=2.2140   tr_acc=141/144 mins=124.01    
epoch=64    ch_step=22400  loss=0.080703 lr=0.0028   |g|=2.3075   tr_acc=141/144 mins=124.26    
epoch=64    ch_step=22450  loss=0.052832 lr=0.0028   |g|=1.6027   tr_acc=142/144 mins=124.51    
epoch=64    ch_step=22500  loss=0.107986 lr=0.0028   |g|=2.6486   tr_acc=137/144 mins=124.75    
epoch=64    ch_step=22550  loss=0.066420 lr=0.0028   |g|=2.2650   tr_acc=142/144 mins=125.00    
epoch=64    ch_step=22600  loss=0.086192 lr=0.0028   |g|=2.8996   tr_acc=141/144 mins=125.25    
Epoch 65: Eval
Eval at 22620
test_accuracy: 0.9147
epoch=65    ch_step=22650  loss=0.077347 lr=0.0020   |g|=2.1110   tr_acc=141/144 mins=125.69    
epoch=65    ch_step=22700  loss=0.114149 lr=0.0020   |g|=3.6243   tr_acc=137/144 mins=125.94    
epoch=65    ch_step=22750  loss=0.061535 lr=0.0020   |g|=1.7540   tr_acc=141/144 mins=126.19    
epoch=65    ch_step=22800  loss=0.051801 lr=0.0020   |g|=2.2795   tr_acc=142/144 mins=126.44    
epoch=65    ch_step=22850  loss=0.092094 lr=0.0020   |g|=2.4039   tr_acc=139/144 mins=126.69    
epoch=65    ch_step=22900  loss=0.112583 lr=0.0020   |g|=3.2902   tr_acc=139/144 mins=126.93    
epoch=65    ch_step=22950  loss=0.110633 lr=0.0020   |g|=2.6046   tr_acc=139/144 mins=127.18    
Epoch 66: Eval
Eval at 22968
test_accuracy: 0.9176
epoch=66    ch_step=23000  loss=0.102946 lr=0.0013   |g|=3.6168   tr_acc=137/144 mins=127.62    
epoch=66    ch_step=23050  loss=0.084120 lr=0.0013   |g|=2.5434   tr_acc=140/144 mins=127.87    
epoch=66    ch_step=23100  loss=0.066330 lr=0.0013   |g|=2.5138   tr_acc=139/144 mins=128.11    
epoch=66    ch_step=23150  loss=0.031609 lr=0.0013   |g|=1.1613   tr_acc=143/144 mins=128.36    
epoch=66    ch_step=23200  loss=0.106941 lr=0.0013   |g|=2.8435   tr_acc=137/144 mins=128.61    
epoch=66    ch_step=23250  loss=0.128587 lr=0.0013   |g|=3.3166   tr_acc=140/144 mins=128.86    
epoch=66    ch_step=23300  loss=0.094559 lr=0.0013   |g|=2.9895   tr_acc=138/144 mins=129.11    
Epoch 67: Eval
Eval at 23316
test_accuracy: 0.9186
epoch=67    ch_step=23350  loss=0.069835 lr=0.0008   |g|=2.1938   tr_acc=140/144 mins=129.54    
epoch=67    ch_step=23400  loss=0.086887 lr=0.0008   |g|=2.4987   tr_acc=141/144 mins=129.79    
epoch=67    ch_step=23450  loss=0.061768 lr=0.0008   |g|=2.0606   tr_acc=142/144 mins=130.04    
epoch=67    ch_step=23500  loss=0.068678 lr=0.0008   |g|=2.6610   tr_acc=138/144 mins=130.29    
epoch=67    ch_step=23550  loss=0.032805 lr=0.0008   |g|=2.1659   tr_acc=142/144 mins=130.54    
epoch=67    ch_step=23600  loss=0.078838 lr=0.0008   |g|=3.0402   tr_acc=140/144 mins=130.79    
epoch=67    ch_step=23650  loss=0.048013 lr=0.0008   |g|=1.6627   tr_acc=142/144 mins=131.03    
Epoch 68: Eval
Eval at 23664
test_accuracy: 0.9208
epoch=68    ch_step=23700  loss=0.065673 lr=0.0004   |g|=2.5061   tr_acc=140/144 mins=131.48    
epoch=68    ch_step=23750  loss=0.108676 lr=0.0004   |g|=2.8722   tr_acc=138/144 mins=131.72    
epoch=68    ch_step=23800  loss=0.022337 lr=0.0004   |g|=0.9528   tr_acc=144/144 mins=131.97    
epoch=68    ch_step=23850  loss=0.115119 lr=0.0004   |g|=3.6828   tr_acc=139/144 mins=132.22    
epoch=68    ch_step=23900  loss=0.073607 lr=0.0004   |g|=2.7024   tr_acc=140/144 mins=132.47    
epoch=68    ch_step=23950  loss=0.068412 lr=0.0004   |g|=2.3871   tr_acc=141/144 mins=132.72    
epoch=68    ch_step=24000  loss=0.132591 lr=0.0004   |g|=3.3470   tr_acc=136/144 mins=132.96    
Epoch 69: Eval
Eval at 24012
test_accuracy: 0.9211
epoch=69    ch_step=24050  loss=0.095580 lr=0.0002   |g|=3.1896   tr_acc=138/144 mins=133.40    
epoch=69    ch_step=24100  loss=0.061125 lr=0.0002   |g|=2.5084   tr_acc=141/144 mins=133.65    
epoch=69    ch_step=24150  loss=0.023910 lr=0.0002   |g|=1.3847   tr_acc=144/144 mins=133.90    
epoch=69    ch_step=24200  loss=0.087331 lr=0.0002   |g|=2.6988   tr_acc=139/144 mins=134.15    
epoch=69    ch_step=24250  loss=0.095384 lr=0.0002   |g|=2.5088   tr_acc=141/144 mins=134.40    
epoch=69    ch_step=24300  loss=0.095806 lr=0.0002   |g|=2.3258   tr_acc=141/144 mins=134.64    
epoch=69    ch_step=24350  loss=0.083518 lr=0.0002   |g|=2.2338   tr_acc=141/144 mins=134.89    
Epoch 70: Eval
Eval at 24360
test_accuracy: 0.9218
epoch=70    ch_step=24400  loss=0.882438 lr=0.0500   |g|=2.9569   tr_acc=101/144 mins=135.33    
epoch=70    ch_step=24450  loss=0.830515 lr=0.0500   |g|=3.8188   tr_acc=108/144 mins=135.58    
epoch=70    ch_step=24500  loss=0.534780 lr=0.0500   |g|=2.8553   tr_acc=119/144 mins=135.82    
epoch=70    ch_step=24550  loss=0.692834 lr=0.0500   |g|=2.7139   tr_acc=113/144 mins=136.07    
epoch=70    ch_step=24600  loss=0.634466 lr=0.0500   |g|=2.9314   tr_acc=116/144 mins=136.32    
epoch=70    ch_step=24650  loss=0.567380 lr=0.0500   |g|=2.3310   tr_acc=116/144 mins=136.57    
epoch=70    ch_step=24700  loss=0.666693 lr=0.0500   |g|=2.8294   tr_acc=112/144 mins=136.82    
Epoch 71: Eval
Eval at 24708
test_accuracy: 0.7495
epoch=71    ch_step=24750  loss=0.822979 lr=0.0500   |g|=3.1699   tr_acc=103/144 mins=137.26    
epoch=71    ch_step=24800  loss=0.751985 lr=0.0500   |g|=3.0563   tr_acc=113/144 mins=137.51    
epoch=71    ch_step=24850  loss=0.405816 lr=0.0500   |g|=2.2032   tr_acc=126/144 mins=137.76    
epoch=71    ch_step=24900  loss=0.511917 lr=0.0500   |g|=2.3069   tr_acc=121/144 mins=138.00    
epoch=71    ch_step=24950  loss=0.832898 lr=0.0500   |g|=3.1293   tr_acc=103/144 mins=138.25    
epoch=71    ch_step=25000  loss=0.559178 lr=0.0500   |g|=2.4804   tr_acc=118/144 mins=138.50    
epoch=71    ch_step=25050  loss=0.525712 lr=0.0500   |g|=2.1403   tr_acc=120/144 mins=138.75    
Epoch 72: Eval
Eval at 25056
test_accuracy: 0.7574
epoch=72    ch_step=25100  loss=0.478094 lr=0.0499   |g|=2.2851   tr_acc=124/144 mins=139.19    
epoch=72    ch_step=25150  loss=0.691058 lr=0.0499   |g|=3.1832   tr_acc=111/144 mins=139.43    
epoch=72    ch_step=25200  loss=0.342843 lr=0.0499   |g|=1.9970   tr_acc=128/144 mins=139.68    
epoch=72    ch_step=25250  loss=0.481371 lr=0.0499   |g|=1.8614   tr_acc=118/144 mins=139.93    
epoch=72    ch_step=25300  loss=0.499444 lr=0.0499   |g|=2.6679   tr_acc=117/144 mins=140.18    
epoch=72    ch_step=25350  loss=0.580460 lr=0.0499   |g|=2.3340   tr_acc=120/144 mins=140.43    
epoch=72    ch_step=25400  loss=0.490757 lr=0.0499   |g|=2.4256   tr_acc=122/144 mins=140.67    
Epoch 73: Eval
Eval at 25404
test_accuracy: 0.7010
epoch=73    ch_step=25450  loss=0.551628 lr=0.0498   |g|=2.2443   tr_acc=121/144 mins=141.12    
epoch=73    ch_step=25500  loss=0.533007 lr=0.0498   |g|=2.1666   tr_acc=122/144 mins=141.36    
epoch=73    ch_step=25550  loss=0.538372 lr=0.0498   |g|=2.3464   tr_acc=122/144 mins=141.61    
epoch=73    ch_step=25600  loss=0.555740 lr=0.0498   |g|=2.3692   tr_acc=119/144 mins=141.86    
epoch=73    ch_step=25650  loss=0.758897 lr=0.0498   |g|=3.2145   tr_acc=111/144 mins=142.11    
epoch=73    ch_step=25700  loss=0.458090 lr=0.0498   |g|=2.1167   tr_acc=126/144 mins=142.36    
epoch=73    ch_step=25750  loss=0.487181 lr=0.0498   |g|=2.0299   tr_acc=123/144 mins=142.61    
Epoch 74: Eval
Eval at 25752
test_accuracy: 0.7935
epoch=74    ch_step=25800  loss=0.451187 lr=0.0497   |g|=2.0511   tr_acc=124/144 mins=143.04    
epoch=74    ch_step=25850  loss=0.533121 lr=0.0497   |g|=2.3925   tr_acc=119/144 mins=143.29    
epoch=74    ch_step=25900  loss=0.522267 lr=0.0497   |g|=2.4104   tr_acc=115/144 mins=143.54    
epoch=74    ch_step=25950  loss=0.375522 lr=0.0497   |g|=2.1045   tr_acc=127/144 mins=143.78    
epoch=74    ch_step=26000  loss=0.654711 lr=0.0497   |g|=2.5134   tr_acc=111/144 mins=144.03    
epoch=74    ch_step=26050  loss=0.358825 lr=0.0497   |g|=1.8599   tr_acc=124/144 mins=144.28    
epoch=75    ch_step=26100  loss=0.458918 lr=0.0497   |g|=2.2650   tr_acc=121/144 mins=144.65    
Epoch 75: Eval
Eval at 26100
test_accuracy: 0.8044
epoch=75    ch_step=26150  loss=0.447191 lr=0.0495   |g|=2.0004   tr_acc=120/144 mins=144.97    
epoch=75    ch_step=26200  loss=0.631968 lr=0.0495   |g|=2.7645   tr_acc=116/144 mins=145.22    
epoch=75    ch_step=26250  loss=0.655703 lr=0.0495   |g|=2.6878   tr_acc=118/144 mins=145.47    
epoch=75    ch_step=26300  loss=0.459410 lr=0.0495   |g|=2.1578   tr_acc=123/144 mins=145.71    
epoch=75    ch_step=26350  loss=0.582995 lr=0.0495   |g|=2.7640   tr_acc=118/144 mins=145.96    
epoch=75    ch_step=26400  loss=0.479244 lr=0.0495   |g|=1.9288   tr_acc=121/144 mins=146.21    
Epoch 76: Eval
Eval at 26448
test_accuracy: 0.7636
epoch=76    ch_step=26450  loss=0.502114 lr=0.0493   |g|=2.1935   tr_acc=119/144 mins=146.65    
epoch=76    ch_step=26500  loss=0.472189 lr=0.0493   |g|=2.3344   tr_acc=122/144 mins=146.90    
epoch=76    ch_step=26550  loss=0.474344 lr=0.0493   |g|=2.3517   tr_acc=121/144 mins=147.15    
epoch=76    ch_step=26600  loss=0.424985 lr=0.0493   |g|=1.7262   tr_acc=125/144 mins=147.39    
epoch=76    ch_step=26650  loss=0.503927 lr=0.0493   |g|=2.0095   tr_acc=123/144 mins=147.64    
epoch=76    ch_step=26700  loss=0.643812 lr=0.0493   |g|=2.3676   tr_acc=109/144 mins=147.89    
epoch=76    ch_step=26750  loss=0.421374 lr=0.0493   |g|=1.7139   tr_acc=122/144 mins=148.14    
Epoch 77: Eval
Eval at 26796
test_accuracy: 0.8036
epoch=77    ch_step=26800  loss=0.580992 lr=0.0491   |g|=2.5150   tr_acc=117/144 mins=148.58    
epoch=77    ch_step=26850  loss=0.612489 lr=0.0491   |g|=2.3413   tr_acc=114/144 mins=148.82    
epoch=77    ch_step=26900  loss=0.357905 lr=0.0491   |g|=1.6202   tr_acc=129/144 mins=149.07    
epoch=77    ch_step=26950  loss=0.398676 lr=0.0491   |g|=2.2887   tr_acc=122/144 mins=149.32    
epoch=77    ch_step=27000  loss=0.547650 lr=0.0491   |g|=2.4429   tr_acc=114/144 mins=149.57    
epoch=77    ch_step=27050  loss=0.511922 lr=0.0491   |g|=2.2610   tr_acc=122/144 mins=149.81    
epoch=77    ch_step=27100  loss=0.533767 lr=0.0491   |g|=2.7811   tr_acc=117/144 mins=150.06    
Epoch 78: Eval
Eval at 27144
test_accuracy: 0.8030
epoch=78    ch_step=27150  loss=0.294435 lr=0.0488   |g|=1.4374   tr_acc=132/144 mins=150.50    
epoch=78    ch_step=27200  loss=0.475090 lr=0.0488   |g|=2.1857   tr_acc=121/144 mins=150.75    
epoch=78    ch_step=27250  loss=0.416077 lr=0.0488   |g|=1.9031   tr_acc=124/144 mins=151.00    
epoch=78    ch_step=27300  loss=0.517123 lr=0.0488   |g|=2.1870   tr_acc=123/144 mins=151.24    
epoch=78    ch_step=27350  loss=0.435985 lr=0.0488   |g|=2.0304   tr_acc=120/144 mins=151.49    
epoch=78    ch_step=27400  loss=0.385080 lr=0.0488   |g|=1.8892   tr_acc=126/144 mins=151.74    
epoch=78    ch_step=27450  loss=0.455480 lr=0.0488   |g|=2.4300   tr_acc=122/144 mins=151.99    
Epoch 79: Eval
Eval at 27492
test_accuracy: 0.7228
epoch=79    ch_step=27500  loss=0.548724 lr=0.0485   |g|=2.3747   tr_acc=122/144 mins=152.42    
epoch=79    ch_step=27550  loss=0.498845 lr=0.0485   |g|=2.1041   tr_acc=121/144 mins=152.67    
epoch=79    ch_step=27600  loss=0.307948 lr=0.0485   |g|=1.7080   tr_acc=128/144 mins=152.92    
epoch=79    ch_step=27650  loss=0.512148 lr=0.0485   |g|=2.2983   tr_acc=120/144 mins=153.17    
epoch=79    ch_step=27700  loss=0.354934 lr=0.0485   |g|=1.8892   tr_acc=126/144 mins=153.41    
epoch=79    ch_step=27750  loss=0.408281 lr=0.0485   |g|=2.0228   tr_acc=128/144 mins=153.66    
epoch=79    ch_step=27800  loss=0.332303 lr=0.0485   |g|=1.8027   tr_acc=130/144 mins=153.91    
Epoch 80: Eval
Eval at 27840
test_accuracy: 0.8201
epoch=80    ch_step=27850  loss=0.512807 lr=0.0481   |g|=2.1065   tr_acc=118/144 mins=154.35    
epoch=80    ch_step=27900  loss=0.459837 lr=0.0481   |g|=2.5115   tr_acc=122/144 mins=154.60    
epoch=80    ch_step=27950  loss=0.366325 lr=0.0481   |g|=2.1206   tr_acc=128/144 mins=154.85    
epoch=80    ch_step=28000  loss=0.384436 lr=0.0481   |g|=1.9947   tr_acc=128/144 mins=155.09    
epoch=80    ch_step=28050  loss=0.453573 lr=0.0481   |g|=2.1599   tr_acc=122/144 mins=155.34    
epoch=80    ch_step=28100  loss=0.526083 lr=0.0481   |g|=2.4843   tr_acc=123/144 mins=155.59    
epoch=80    ch_step=28150  loss=0.382840 lr=0.0481   |g|=2.2099   tr_acc=126/144 mins=155.84    
Epoch 81: Eval
Eval at 28188
test_accuracy: 0.8247
epoch=81    ch_step=28200  loss=0.587533 lr=0.0477   |g|=2.7720   tr_acc=121/144 mins=156.27    
epoch=81    ch_step=28250  loss=0.307460 lr=0.0477   |g|=2.2622   tr_acc=132/144 mins=156.52    
epoch=81    ch_step=28300  loss=0.350126 lr=0.0477   |g|=1.7373   tr_acc=129/144 mins=156.79    
epoch=81    ch_step=28350  loss=0.465298 lr=0.0477   |g|=2.2262   tr_acc=121/144 mins=157.04    
epoch=81    ch_step=28400  loss=0.540949 lr=0.0477   |g|=2.1884   tr_acc=121/144 mins=157.29    
epoch=81    ch_step=28450  loss=0.495961 lr=0.0477   |g|=2.4433   tr_acc=123/144 mins=157.54    
epoch=81    ch_step=28500  loss=0.460162 lr=0.0477   |g|=2.0839   tr_acc=118/144 mins=157.79    
Epoch 82: Eval
Eval at 28536
test_accuracy: 0.8166
epoch=82    ch_step=28550  loss=0.462250 lr=0.0473   |g|=2.3934   tr_acc=120/144 mins=158.23    
epoch=82    ch_step=28600  loss=0.560578 lr=0.0473   |g|=3.1931   tr_acc=118/144 mins=158.47    
epoch=82    ch_step=28650  loss=0.591268 lr=0.0473   |g|=2.6248   tr_acc=123/144 mins=158.72    
epoch=82    ch_step=28700  loss=0.477519 lr=0.0473   |g|=1.9210   tr_acc=122/144 mins=158.97    
epoch=82    ch_step=28750  loss=0.358479 lr=0.0473   |g|=2.1260   tr_acc=125/144 mins=159.22    
epoch=82    ch_step=28800  loss=0.550897 lr=0.0473   |g|=2.4506   tr_acc=115/144 mins=159.47    
epoch=82    ch_step=28850  loss=0.367149 lr=0.0473   |g|=1.7158   tr_acc=130/144 mins=159.71    
Epoch 83: Eval
Eval at 28884
test_accuracy: 0.8392
epoch=83    ch_step=28900  loss=0.525154 lr=0.0468   |g|=2.5485   tr_acc=122/144 mins=160.15    
epoch=83    ch_step=28950  loss=0.510122 lr=0.0468   |g|=2.6688   tr_acc=120/144 mins=160.40    
epoch=83    ch_step=29000  loss=0.415950 lr=0.0468   |g|=2.6658   tr_acc=126/144 mins=160.65    
epoch=83    ch_step=29050  loss=0.289479 lr=0.0468   |g|=1.5685   tr_acc=133/144 mins=160.89    
epoch=83    ch_step=29100  loss=0.326648 lr=0.0468   |g|=1.7958   tr_acc=131/144 mins=161.14    
epoch=83    ch_step=29150  loss=0.490404 lr=0.0468   |g|=2.2852   tr_acc=120/144 mins=161.39    
epoch=83    ch_step=29200  loss=0.336164 lr=0.0468   |g|=2.1570   tr_acc=129/144 mins=161.64    
Epoch 84: Eval
Eval at 29232
test_accuracy: 0.8295
epoch=84    ch_step=29250  loss=0.353788 lr=0.0463   |g|=2.1707   tr_acc=124/144 mins=162.08    
epoch=84    ch_step=29300  loss=0.472367 lr=0.0463   |g|=2.1072   tr_acc=124/144 mins=162.33    
epoch=84    ch_step=29350  loss=0.493037 lr=0.0463   |g|=2.1295   tr_acc=121/144 mins=162.57    
epoch=84    ch_step=29400  loss=0.436146 lr=0.0463   |g|=2.2373   tr_acc=125/144 mins=162.82    
epoch=84    ch_step=29450  loss=0.373685 lr=0.0463   |g|=1.7072   tr_acc=125/144 mins=163.07    
epoch=84    ch_step=29500  loss=0.543286 lr=0.0463   |g|=2.5231   tr_acc=117/144 mins=163.32    
epoch=84    ch_step=29550  loss=0.514350 lr=0.0463   |g|=2.5081   tr_acc=123/144 mins=163.57    
Epoch 85: Eval
Eval at 29580
test_accuracy: 0.8340
epoch=85    ch_step=29600  loss=0.336657 lr=0.0458   |g|=1.5420   tr_acc=131/144 mins=164.00    
epoch=85    ch_step=29650  loss=0.369238 lr=0.0458   |g|=2.2233   tr_acc=127/144 mins=164.25    
epoch=85    ch_step=29700  loss=0.450797 lr=0.0458   |g|=2.2442   tr_acc=123/144 mins=164.50    
epoch=85    ch_step=29750  loss=0.445690 lr=0.0458   |g|=2.2004   tr_acc=121/144 mins=164.75    
epoch=85    ch_step=29800  loss=0.435189 lr=0.0458   |g|=2.1839   tr_acc=126/144 mins=165.00    
epoch=85    ch_step=29850  loss=0.488397 lr=0.0458   |g|=2.3900   tr_acc=123/144 mins=165.25    
epoch=85    ch_step=29900  loss=0.424502 lr=0.0458   |g|=2.3657   tr_acc=122/144 mins=165.49    
Epoch 86: Eval
Eval at 29928
test_accuracy: 0.8029
epoch=86    ch_step=29950  loss=0.450679 lr=0.0452   |g|=2.1020   tr_acc=124/144 mins=165.93    
epoch=86    ch_step=30000  loss=0.324190 lr=0.0452   |g|=1.8040   tr_acc=131/144 mins=166.18    
epoch=86    ch_step=30050  loss=0.317457 lr=0.0452   |g|=1.6798   tr_acc=128/144 mins=166.43    
epoch=86    ch_step=30100  loss=0.501714 lr=0.0452   |g|=2.2899   tr_acc=125/144 mins=166.67    
epoch=86    ch_step=30150  loss=0.358934 lr=0.0452   |g|=1.9539   tr_acc=129/144 mins=166.92    
epoch=86    ch_step=30200  loss=0.458397 lr=0.0452   |g|=2.4625   tr_acc=120/144 mins=167.17    
epoch=86    ch_step=30250  loss=0.536131 lr=0.0452   |g|=2.5201   tr_acc=118/144 mins=167.42    
Epoch 87: Eval
Eval at 30276
test_accuracy: 0.8194
epoch=87    ch_step=30300  loss=0.331339 lr=0.0446   |g|=1.8759   tr_acc=129/144 mins=167.86    
epoch=87    ch_step=30350  loss=0.465185 lr=0.0446   |g|=2.4516   tr_acc=122/144 mins=168.10    
epoch=87    ch_step=30400  loss=0.499785 lr=0.0446   |g|=2.1573   tr_acc=119/144 mins=168.35    
epoch=87    ch_step=30450  loss=0.421834 lr=0.0446   |g|=2.2858   tr_acc=124/144 mins=168.60    
epoch=87    ch_step=30500  loss=0.625315 lr=0.0446   |g|=2.5809   tr_acc=121/144 mins=168.85    
epoch=87    ch_step=30550  loss=0.469864 lr=0.0446   |g|=2.5191   tr_acc=120/144 mins=169.10    
epoch=87    ch_step=30600  loss=0.394595 lr=0.0446   |g|=2.1711   tr_acc=123/144 mins=169.34    
Epoch 88: Eval
Eval at 30624
test_accuracy: 0.8287
epoch=88    ch_step=30650  loss=0.451349 lr=0.0440   |g|=2.7469   tr_acc=123/144 mins=169.78    
epoch=88    ch_step=30700  loss=0.330744 lr=0.0440   |g|=2.1498   tr_acc=126/144 mins=170.03    
epoch=88    ch_step=30750  loss=0.423847 lr=0.0440   |g|=2.2358   tr_acc=120/144 mins=170.27    
epoch=88    ch_step=30800  loss=0.425158 lr=0.0440   |g|=2.2657   tr_acc=125/144 mins=170.52    
epoch=88    ch_step=30850  loss=0.379589 lr=0.0440   |g|=2.3179   tr_acc=130/144 mins=170.77    
epoch=88    ch_step=30900  loss=0.416338 lr=0.0440   |g|=2.5236   tr_acc=125/144 mins=171.02    
epoch=88    ch_step=30950  loss=0.325203 lr=0.0440   |g|=2.0389   tr_acc=131/144 mins=171.26    
Epoch 89: Eval
Eval at 30972
test_accuracy: 0.8258
epoch=89    ch_step=31000  loss=0.301153 lr=0.0434   |g|=1.9911   tr_acc=128/144 mins=171.71    
epoch=89    ch_step=31050  loss=0.443293 lr=0.0434   |g|=2.0171   tr_acc=125/144 mins=171.95    
epoch=89    ch_step=31100  loss=0.384412 lr=0.0434   |g|=2.1027   tr_acc=129/144 mins=172.20    
epoch=89    ch_step=31150  loss=0.475967 lr=0.0434   |g|=2.4398   tr_acc=122/144 mins=172.45    
epoch=89    ch_step=31200  loss=0.561543 lr=0.0434   |g|=2.8685   tr_acc=117/144 mins=172.70    
epoch=89    ch_step=31250  loss=0.621076 lr=0.0434   |g|=2.8060   tr_acc=116/144 mins=172.95    
epoch=89    ch_step=31300  loss=0.515577 lr=0.0434   |g|=2.8698   tr_acc=119/144 mins=173.20    
Epoch 90: Eval
Eval at 31320
test_accuracy: 0.8009
epoch=90    ch_step=31350  loss=0.288304 lr=0.0427   |g|=1.8482   tr_acc=130/144 mins=173.63    
epoch=90    ch_step=31400  loss=0.337927 lr=0.0427   |g|=2.3428   tr_acc=127/144 mins=173.88    
epoch=90    ch_step=31450  loss=0.406169 lr=0.0427   |g|=2.3091   tr_acc=125/144 mins=174.13    
epoch=90    ch_step=31500  loss=0.406852 lr=0.0427   |g|=1.9405   tr_acc=124/144 mins=174.38    
epoch=90    ch_step=31550  loss=0.559520 lr=0.0427   |g|=2.3527   tr_acc=122/144 mins=174.63    
epoch=90    ch_step=31600  loss=0.377953 lr=0.0427   |g|=1.8923   tr_acc=127/144 mins=174.87    
epoch=90    ch_step=31650  loss=0.282372 lr=0.0427   |g|=1.8644   tr_acc=129/144 mins=175.12    
Epoch 91: Eval
Eval at 31668
test_accuracy: 0.7779
epoch=91    ch_step=31700  loss=0.372541 lr=0.0420   |g|=2.6844   tr_acc=124/144 mins=175.56    
epoch=91    ch_step=31750  loss=0.375434 lr=0.0420   |g|=1.9392   tr_acc=127/144 mins=175.81    
epoch=91    ch_step=31800  loss=0.556400 lr=0.0420   |g|=2.9986   tr_acc=117/144 mins=176.06    
epoch=91    ch_step=31850  loss=0.509991 lr=0.0420   |g|=2.2838   tr_acc=118/144 mins=176.31    
epoch=91    ch_step=31900  loss=0.323723 lr=0.0420   |g|=2.3322   tr_acc=128/144 mins=176.56    
epoch=91    ch_step=31950  loss=0.312097 lr=0.0420   |g|=2.2483   tr_acc=127/144 mins=176.81    
epoch=91    ch_step=32000  loss=0.331973 lr=0.0420   |g|=2.0508   tr_acc=132/144 mins=177.06    
Epoch 92: Eval
Eval at 32016
test_accuracy: 0.8645
epoch=92    ch_step=32050  loss=0.335097 lr=0.0413   |g|=1.7870   tr_acc=131/144 mins=177.50    
epoch=92    ch_step=32100  loss=0.318096 lr=0.0413   |g|=2.1122   tr_acc=130/144 mins=177.74    
epoch=92    ch_step=32150  loss=0.370343 lr=0.0413   |g|=2.3212   tr_acc=129/144 mins=177.99    
epoch=92    ch_step=32200  loss=0.465094 lr=0.0413   |g|=2.2087   tr_acc=125/144 mins=178.24    
epoch=92    ch_step=32250  loss=0.481080 lr=0.0413   |g|=2.6600   tr_acc=121/144 mins=178.49    
epoch=92    ch_step=32300  loss=0.291712 lr=0.0413   |g|=2.0258   tr_acc=130/144 mins=178.74    
epoch=92    ch_step=32350  loss=0.355099 lr=0.0413   |g|=1.6587   tr_acc=129/144 mins=178.98    
Epoch 93: Eval
Eval at 32364
test_accuracy: 0.8527
epoch=93    ch_step=32400  loss=0.473525 lr=0.0405   |g|=2.4609   tr_acc=125/144 mins=179.42    
epoch=93    ch_step=32450  loss=0.508002 lr=0.0405   |g|=2.6074   tr_acc=121/144 mins=179.67    
epoch=93    ch_step=32500  loss=0.380323 lr=0.0405   |g|=2.4603   tr_acc=128/144 mins=179.92    
epoch=93    ch_step=32550  loss=0.313873 lr=0.0405   |g|=2.3406   tr_acc=128/144 mins=180.17    
epoch=93    ch_step=32600  loss=0.415115 lr=0.0405   |g|=2.6827   tr_acc=122/144 mins=180.41    
epoch=93    ch_step=32650  loss=0.360193 lr=0.0405   |g|=2.0970   tr_acc=127/144 mins=180.66    
epoch=93    ch_step=32700  loss=0.353103 lr=0.0405   |g|=2.0379   tr_acc=128/144 mins=180.91    
Epoch 94: Eval
Eval at 32712
test_accuracy: 0.8164
epoch=94    ch_step=32750  loss=0.338232 lr=0.0397   |g|=2.0389   tr_acc=123/144 mins=181.35    
epoch=94    ch_step=32800  loss=0.456055 lr=0.0397   |g|=2.6062   tr_acc=124/144 mins=181.60    
epoch=94    ch_step=32850  loss=0.346109 lr=0.0397   |g|=2.0478   tr_acc=128/144 mins=181.84    
epoch=94    ch_step=32900  loss=0.372510 lr=0.0397   |g|=2.1070   tr_acc=129/144 mins=182.09    
epoch=94    ch_step=32950  loss=0.407728 lr=0.0397   |g|=2.2313   tr_acc=125/144 mins=182.34    
epoch=94    ch_step=33000  loss=0.405928 lr=0.0397   |g|=2.1964   tr_acc=124/144 mins=182.59    
epoch=94    ch_step=33050  loss=0.344215 lr=0.0397   |g|=2.0308   tr_acc=131/144 mins=182.83    
Epoch 95: Eval
Eval at 33060
test_accuracy: 0.7956
epoch=95    ch_step=33100  loss=0.515796 lr=0.0389   |g|=2.8220   tr_acc=122/144 mins=183.27    
epoch=95    ch_step=33150  loss=0.314228 lr=0.0389   |g|=1.9437   tr_acc=129/144 mins=183.52    
epoch=95    ch_step=33200  loss=0.424071 lr=0.0389   |g|=2.3632   tr_acc=124/144 mins=183.77    
epoch=95    ch_step=33250  loss=0.322473 lr=0.0389   |g|=2.1673   tr_acc=129/144 mins=184.01    
epoch=95    ch_step=33300  loss=0.369849 lr=0.0389   |g|=2.0753   tr_acc=128/144 mins=184.26    
epoch=95    ch_step=33350  loss=0.453161 lr=0.0389   |g|=2.6693   tr_acc=125/144 mins=184.51    
epoch=95    ch_step=33400  loss=0.380604 lr=0.0389   |g|=2.5080   tr_acc=121/144 mins=184.76    
Epoch 96: Eval
Eval at 33408
test_accuracy: 0.8235
epoch=96    ch_step=33450  loss=0.397711 lr=0.0381   |g|=2.0441   tr_acc=122/144 mins=185.20    
epoch=96    ch_step=33500  loss=0.275007 lr=0.0381   |g|=1.8137   tr_acc=131/144 mins=185.44    
epoch=96    ch_step=33550  loss=0.376331 lr=0.0381   |g|=2.1957   tr_acc=125/144 mins=185.69    
epoch=96    ch_step=33600  loss=0.280347 lr=0.0381   |g|=1.9164   tr_acc=131/144 mins=185.94    
epoch=96    ch_step=33650  loss=0.609787 lr=0.0381   |g|=3.5462   tr_acc=117/144 mins=186.19    
epoch=96    ch_step=33700  loss=0.338192 lr=0.0381   |g|=2.1730   tr_acc=126/144 mins=186.44    
epoch=96    ch_step=33750  loss=0.344514 lr=0.0381   |g|=1.9530   tr_acc=127/144 mins=186.69    
Epoch 97: Eval
Eval at 33756
test_accuracy: 0.8493
epoch=97    ch_step=33800  loss=0.348485 lr=0.0372   |g|=2.1690   tr_acc=128/144 mins=187.12    
epoch=97    ch_step=33850  loss=0.460664 lr=0.0372   |g|=2.5386   tr_acc=123/144 mins=187.37    
epoch=97    ch_step=33900  loss=0.357811 lr=0.0372   |g|=1.9220   tr_acc=129/144 mins=187.62    
epoch=97    ch_step=33950  loss=0.274745 lr=0.0372   |g|=2.1144   tr_acc=134/144 mins=187.87    
epoch=97    ch_step=34000  loss=0.380598 lr=0.0372   |g|=2.0180   tr_acc=125/144 mins=188.11    
epoch=97    ch_step=34050  loss=0.295362 lr=0.0372   |g|=1.8823   tr_acc=129/144 mins=188.36    
epoch=97    ch_step=34100  loss=0.314288 lr=0.0372   |g|=2.4545   tr_acc=130/144 mins=188.61    
Epoch 98: Eval
Eval at 34104
test_accuracy: 0.8509
epoch=98    ch_step=34150  loss=0.394937 lr=0.0364   |g|=2.5624   tr_acc=125/144 mins=189.05    
epoch=98    ch_step=34200  loss=0.312984 lr=0.0364   |g|=1.8684   tr_acc=131/144 mins=189.30    
epoch=98    ch_step=34250  loss=0.371138 lr=0.0364   |g|=2.7106   tr_acc=128/144 mins=189.55    
epoch=98    ch_step=34300  loss=0.336939 lr=0.0364   |g|=2.2755   tr_acc=128/144 mins=189.80    
epoch=98    ch_step=34350  loss=0.459292 lr=0.0364   |g|=2.7307   tr_acc=130/144 mins=190.05    
epoch=98    ch_step=34400  loss=0.309679 lr=0.0364   |g|=2.4704   tr_acc=131/144 mins=190.29    
epoch=98    ch_step=34450  loss=0.334322 lr=0.0364   |g|=2.2088   tr_acc=127/144 mins=190.54    
Epoch 99: Eval
Eval at 34452
test_accuracy: 0.8101
epoch=99    ch_step=34500  loss=0.427259 lr=0.0355   |g|=2.7418   tr_acc=122/144 mins=190.98    
epoch=99    ch_step=34550  loss=0.299050 lr=0.0355   |g|=2.0681   tr_acc=131/144 mins=191.23    
epoch=99    ch_step=34600  loss=0.398610 lr=0.0355   |g|=2.5499   tr_acc=127/144 mins=191.47    
epoch=99    ch_step=34650  loss=0.485783 lr=0.0355   |g|=2.5973   tr_acc=121/144 mins=191.72    
epoch=99    ch_step=34700  loss=0.384107 lr=0.0355   |g|=2.3116   tr_acc=124/144 mins=191.97    
epoch=99    ch_step=34750  loss=0.371733 lr=0.0355   |g|=2.3567   tr_acc=124/144 mins=192.22    
epoch=100   ch_step=34800  loss=0.365898 lr=0.0355   |g|=2.3730   tr_acc=126/144 mins=192.59    
Epoch 100: Eval
Eval at 34800
test_accuracy: 0.8520
epoch=100   ch_step=34850  loss=0.323617 lr=0.0346   |g|=2.3136   tr_acc=129/144 mins=192.91    
epoch=100   ch_step=34900  loss=0.295508 lr=0.0346   |g|=2.1898   tr_acc=129/144 mins=193.16    
epoch=100   ch_step=34950  loss=0.288081 lr=0.0346   |g|=2.3649   tr_acc=129/144 mins=193.40    
epoch=100   ch_step=35000  loss=0.274997 lr=0.0346   |g|=2.2431   tr_acc=129/144 mins=193.65    
epoch=100   ch_step=35050  loss=0.278094 lr=0.0346   |g|=2.1419   tr_acc=130/144 mins=193.90    
epoch=100   ch_step=35100  loss=0.307451 lr=0.0346   |g|=2.2070   tr_acc=130/144 mins=194.15    
Epoch 101: Eval
Eval at 35148
test_accuracy: 0.8688
epoch=101   ch_step=35150  loss=0.513544 lr=0.0337   |g|=2.8991   tr_acc=123/144 mins=194.59    
epoch=101   ch_step=35200  loss=0.282045 lr=0.0337   |g|=1.8535   tr_acc=134/144 mins=194.83    
epoch=101   ch_step=35250  loss=0.342630 lr=0.0337   |g|=2.9781   tr_acc=127/144 mins=195.08    
epoch=101   ch_step=35300  loss=0.276618 lr=0.0337   |g|=1.8897   tr_acc=134/144 mins=195.33    
epoch=101   ch_step=35350  loss=0.358717 lr=0.0337   |g|=2.4037   tr_acc=131/144 mins=195.58    
epoch=101   ch_step=35400  loss=0.292831 lr=0.0337   |g|=1.9759   tr_acc=133/144 mins=195.83    
epoch=101   ch_step=35450  loss=0.299073 lr=0.0337   |g|=2.3483   tr_acc=130/144 mins=196.07    
Epoch 102: Eval
Eval at 35496
test_accuracy: 0.8451
epoch=102   ch_step=35500  loss=0.190552 lr=0.0328   |g|=1.6284   tr_acc=135/144 mins=196.51    
epoch=102   ch_step=35550  loss=0.301004 lr=0.0328   |g|=2.3826   tr_acc=131/144 mins=196.76    
epoch=102   ch_step=35600  loss=0.296768 lr=0.0328   |g|=2.2971   tr_acc=131/144 mins=197.01    
epoch=102   ch_step=35650  loss=0.399894 lr=0.0328   |g|=2.8556   tr_acc=124/144 mins=197.26    
epoch=102   ch_step=35700  loss=0.401563 lr=0.0328   |g|=2.5619   tr_acc=126/144 mins=197.51    
epoch=102   ch_step=35750  loss=0.272784 lr=0.0328   |g|=1.9070   tr_acc=131/144 mins=197.76    
epoch=102   ch_step=35800  loss=0.356007 lr=0.0328   |g|=2.0576   tr_acc=130/144 mins=198.00    
Epoch 103: Eval
Eval at 35844
test_accuracy: 0.8477
epoch=103   ch_step=35850  loss=0.255996 lr=0.0318   |g|=2.0774   tr_acc=131/144 mins=198.44    
epoch=103   ch_step=35900  loss=0.231356 lr=0.0318   |g|=1.8420   tr_acc=132/144 mins=198.69    
epoch=103   ch_step=35950  loss=0.444695 lr=0.0318   |g|=3.0389   tr_acc=123/144 mins=198.93    
epoch=103   ch_step=36000  loss=0.333101 lr=0.0318   |g|=2.4192   tr_acc=128/144 mins=199.18    
epoch=103   ch_step=36050  loss=0.320606 lr=0.0318   |g|=2.4241   tr_acc=129/144 mins=199.43    
epoch=103   ch_step=36100  loss=0.271438 lr=0.0318   |g|=1.9469   tr_acc=134/144 mins=199.68    
epoch=103   ch_step=36150  loss=0.378401 lr=0.0318   |g|=2.6562   tr_acc=130/144 mins=199.92    
Epoch 104: Eval
Eval at 36192
test_accuracy: 0.8104
epoch=104   ch_step=36200  loss=0.330086 lr=0.0309   |g|=2.0992   tr_acc=133/144 mins=200.36    
epoch=104   ch_step=36250  loss=0.343434 lr=0.0309   |g|=2.3360   tr_acc=128/144 mins=200.61    
epoch=104   ch_step=36300  loss=0.317720 lr=0.0309   |g|=2.5487   tr_acc=132/144 mins=200.86    
epoch=104   ch_step=36350  loss=0.404903 lr=0.0309   |g|=2.7160   tr_acc=128/144 mins=201.11    
epoch=104   ch_step=36400  loss=0.397828 lr=0.0309   |g|=2.7663   tr_acc=123/144 mins=201.36    
epoch=104   ch_step=36450  loss=0.431092 lr=0.0309   |g|=2.8621   tr_acc=122/144 mins=201.60    
epoch=104   ch_step=36500  loss=0.360205 lr=0.0309   |g|=2.7792   tr_acc=125/144 mins=201.85    
Epoch 105: Eval
Eval at 36540
test_accuracy: 0.8687
epoch=105   ch_step=36550  loss=0.249903 lr=0.0299   |g|=2.3314   tr_acc=130/144 mins=202.29    
epoch=105   ch_step=36600  loss=0.329070 lr=0.0299   |g|=2.7236   tr_acc=130/144 mins=202.54    
epoch=105   ch_step=36650  loss=0.381876 lr=0.0299   |g|=3.3561   tr_acc=122/144 mins=202.78    
epoch=105   ch_step=36700  loss=0.450855 lr=0.0299   |g|=2.7969   tr_acc=124/144 mins=203.03    
epoch=105   ch_step=36750  loss=0.231419 lr=0.0299   |g|=2.3197   tr_acc=129/144 mins=203.28    
epoch=105   ch_step=36800  loss=0.280577 lr=0.0299   |g|=1.9306   tr_acc=133/144 mins=203.53    
epoch=105   ch_step=36850  loss=0.149226 lr=0.0299   |g|=1.7462   tr_acc=140/144 mins=203.77    
Epoch 106: Eval
Eval at 36888
test_accuracy: 0.8458
epoch=106   ch_step=36900  loss=0.319477 lr=0.0290   |g|=2.8295   tr_acc=129/144 mins=204.21    
epoch=106   ch_step=36950  loss=0.414318 lr=0.0290   |g|=3.0855   tr_acc=117/144 mins=204.46    
epoch=106   ch_step=37000  loss=0.348978 lr=0.0290   |g|=2.7199   tr_acc=128/144 mins=204.71    
epoch=106   ch_step=37050  loss=0.197328 lr=0.0290   |g|=2.1008   tr_acc=133/144 mins=204.95    
epoch=106   ch_step=37100  loss=0.283595 lr=0.0290   |g|=2.3021   tr_acc=129/144 mins=205.20    
epoch=106   ch_step=37150  loss=0.180584 lr=0.0290   |g|=1.9250   tr_acc=134/144 mins=205.45    
epoch=106   ch_step=37200  loss=0.335425 lr=0.0290   |g|=2.9103   tr_acc=130/144 mins=205.70    
Epoch 107: Eval
Eval at 37236
test_accuracy: 0.8533
epoch=107   ch_step=37250  loss=0.239427 lr=0.0280   |g|=2.2401   tr_acc=129/144 mins=206.14    
epoch=107   ch_step=37300  loss=0.258285 lr=0.0280   |g|=2.2753   tr_acc=134/144 mins=206.39    
epoch=107   ch_step=37350  loss=0.345333 lr=0.0280   |g|=2.4483   tr_acc=128/144 mins=206.64    
epoch=107   ch_step=37400  loss=0.347169 lr=0.0280   |g|=2.6823   tr_acc=126/144 mins=206.89    
epoch=107   ch_step=37450  loss=0.370837 lr=0.0280   |g|=3.0404   tr_acc=127/144 mins=207.13    
epoch=107   ch_step=37500  loss=0.263019 lr=0.0280   |g|=2.4244   tr_acc=133/144 mins=207.38    
epoch=107   ch_step=37550  loss=0.262315 lr=0.0280   |g|=2.1135   tr_acc=131/144 mins=207.63    
Epoch 108: Eval
Eval at 37584
test_accuracy: 0.8652
epoch=108   ch_step=37600  loss=0.221235 lr=0.0270   |g|=2.2038   tr_acc=130/144 mins=208.07    
epoch=108   ch_step=37650  loss=0.304796 lr=0.0270   |g|=2.7148   tr_acc=126/144 mins=208.31    
epoch=108   ch_step=37700  loss=0.395455 lr=0.0270   |g|=2.5826   tr_acc=126/144 mins=208.56    
epoch=108   ch_step=37750  loss=0.241393 lr=0.0270   |g|=2.3221   tr_acc=133/144 mins=208.81    
epoch=108   ch_step=37800  loss=0.425771 lr=0.0270   |g|=2.6123   tr_acc=126/144 mins=209.06    
epoch=108   ch_step=37850  loss=0.256227 lr=0.0270   |g|=1.8767   tr_acc=133/144 mins=209.31    
epoch=108   ch_step=37900  loss=0.315890 lr=0.0270   |g|=2.6329   tr_acc=129/144 mins=209.55    
Epoch 109: Eval
Eval at 37932
test_accuracy: 0.8562
epoch=109   ch_step=37950  loss=0.333587 lr=0.0260   |g|=3.0013   tr_acc=126/144 mins=209.99    
epoch=109   ch_step=38000  loss=0.187025 lr=0.0260   |g|=1.9225   tr_acc=139/144 mins=210.24    
epoch=109   ch_step=38050  loss=0.212411 lr=0.0260   |g|=1.9402   tr_acc=134/144 mins=210.49    
epoch=109   ch_step=38100  loss=0.218876 lr=0.0260   |g|=2.0768   tr_acc=133/144 mins=210.73    
epoch=109   ch_step=38150  loss=0.211211 lr=0.0260   |g|=1.9947   tr_acc=135/144 mins=210.98    
epoch=109   ch_step=38200  loss=0.257817 lr=0.0260   |g|=2.8207   tr_acc=130/144 mins=211.23    
epoch=109   ch_step=38250  loss=0.235515 lr=0.0260   |g|=2.1679   tr_acc=132/144 mins=211.48    
Epoch 110: Eval
Eval at 38280
test_accuracy: 0.8692
epoch=110   ch_step=38300  loss=0.270059 lr=0.0251   |g|=2.7632   tr_acc=134/144 mins=211.92    
epoch=110   ch_step=38350  loss=0.373205 lr=0.0251   |g|=2.8703   tr_acc=126/144 mins=212.17    
epoch=110   ch_step=38400  loss=0.173877 lr=0.0251   |g|=1.8846   tr_acc=136/144 mins=212.42    
epoch=110   ch_step=38450  loss=0.169293 lr=0.0251   |g|=1.6551   tr_acc=138/144 mins=212.66    
epoch=110   ch_step=38500  loss=0.173936 lr=0.0251   |g|=1.9351   tr_acc=134/144 mins=212.91    
epoch=110   ch_step=38550  loss=0.243627 lr=0.0251   |g|=1.9104   tr_acc=132/144 mins=213.16    
epoch=110   ch_step=38600  loss=0.214914 lr=0.0251   |g|=2.4038   tr_acc=133/144 mins=213.41    
Epoch 111: Eval
Eval at 38628
test_accuracy: 0.8796
epoch=111   ch_step=38650  loss=0.276491 lr=0.0241   |g|=2.8691   tr_acc=126/144 mins=213.85    
epoch=111   ch_step=38700  loss=0.244179 lr=0.0241   |g|=2.5916   tr_acc=132/144 mins=214.09    
epoch=111   ch_step=38750  loss=0.189492 lr=0.0241   |g|=2.0945   tr_acc=134/144 mins=214.34    
epoch=111   ch_step=38800  loss=0.287757 lr=0.0241   |g|=2.4650   tr_acc=129/144 mins=214.59    
epoch=111   ch_step=38850  loss=0.144007 lr=0.0241   |g|=2.1802   tr_acc=137/144 mins=214.84    
epoch=111   ch_step=38900  loss=0.264986 lr=0.0241   |g|=2.9108   tr_acc=134/144 mins=215.08    
epoch=111   ch_step=38950  loss=0.239183 lr=0.0241   |g|=2.2674   tr_acc=133/144 mins=215.33    
Epoch 112: Eval
Eval at 38976
test_accuracy: 0.8501
epoch=112   ch_step=39000  loss=0.261790 lr=0.0231   |g|=2.7012   tr_acc=132/144 mins=215.77    
epoch=112   ch_step=39050  loss=0.375932 lr=0.0231   |g|=3.3584   tr_acc=123/144 mins=216.02    
epoch=112   ch_step=39100  loss=0.245052 lr=0.0231   |g|=1.8796   tr_acc=135/144 mins=216.27    
epoch=112   ch_step=39150  loss=0.259842 lr=0.0231   |g|=2.0000   tr_acc=134/144 mins=216.52    
epoch=112   ch_step=39200  loss=0.228353 lr=0.0231   |g|=2.3819   tr_acc=134/144 mins=216.76    
epoch=112   ch_step=39250  loss=0.325262 lr=0.0231   |g|=3.0354   tr_acc=128/144 mins=217.01    
epoch=112   ch_step=39300  loss=0.236830 lr=0.0231   |g|=1.9520   tr_acc=134/144 mins=217.26    
Epoch 113: Eval
Eval at 39324
test_accuracy: 0.8754
epoch=113   ch_step=39350  loss=0.179935 lr=0.0221   |g|=2.3105   tr_acc=136/144 mins=217.70    
epoch=113   ch_step=39400  loss=0.267240 lr=0.0221   |g|=2.3534   tr_acc=132/144 mins=217.94    
epoch=113   ch_step=39450  loss=0.241837 lr=0.0221   |g|=2.7021   tr_acc=130/144 mins=218.19    
epoch=113   ch_step=39500  loss=0.344128 lr=0.0221   |g|=2.7879   tr_acc=129/144 mins=218.44    
epoch=113   ch_step=39550  loss=0.317403 lr=0.0221   |g|=2.6939   tr_acc=128/144 mins=218.69    
epoch=113   ch_step=39600  loss=0.219923 lr=0.0221   |g|=2.2923   tr_acc=133/144 mins=218.94    
epoch=113   ch_step=39650  loss=0.226857 lr=0.0221   |g|=2.5340   tr_acc=131/144 mins=219.18    
Epoch 114: Eval
Eval at 39672
test_accuracy: 0.8927
epoch=114   ch_step=39700  loss=0.211158 lr=0.0211   |g|=2.9185   tr_acc=135/144 mins=219.62    
epoch=114   ch_step=39750  loss=0.318713 lr=0.0211   |g|=2.4905   tr_acc=132/144 mins=219.87    
epoch=114   ch_step=39800  loss=0.123957 lr=0.0211   |g|=1.7408   tr_acc=138/144 mins=220.12    
epoch=114   ch_step=39850  loss=0.278795 lr=0.0211   |g|=2.0039   tr_acc=130/144 mins=220.37    
epoch=114   ch_step=39900  loss=0.328743 lr=0.0211   |g|=2.7160   tr_acc=130/144 mins=220.62    
epoch=114   ch_step=39950  loss=0.260911 lr=0.0211   |g|=2.4601   tr_acc=131/144 mins=220.86    
epoch=114   ch_step=40000  loss=0.237366 lr=0.0211   |g|=2.5792   tr_acc=135/144 mins=221.11    
Epoch 115: Eval
Eval at 40020
test_accuracy: 0.8807
epoch=115   ch_step=40050  loss=0.216360 lr=0.0202   |g|=2.3880   tr_acc=134/144 mins=221.54    
epoch=115   ch_step=40100  loss=0.235737 lr=0.0202   |g|=2.2756   tr_acc=132/144 mins=221.79    
epoch=115   ch_step=40150  loss=0.188019 lr=0.0202   |g|=2.4205   tr_acc=134/144 mins=222.04    
epoch=115   ch_step=40200  loss=0.280738 lr=0.0202   |g|=2.4758   tr_acc=135/144 mins=222.29    
epoch=115   ch_step=40250  loss=0.105889 lr=0.0202   |g|=1.4943   tr_acc=140/144 mins=222.54    
epoch=115   ch_step=40300  loss=0.301042 lr=0.0202   |g|=2.8702   tr_acc=129/144 mins=222.78    
epoch=115   ch_step=40350  loss=0.296330 lr=0.0202   |g|=3.1066   tr_acc=126/144 mins=223.03    
Epoch 116: Eval
Eval at 40368
test_accuracy: 0.8936
epoch=116   ch_step=40400  loss=0.238366 lr=0.0192   |g|=2.4235   tr_acc=135/144 mins=223.47    
epoch=116   ch_step=40450  loss=0.269421 lr=0.0192   |g|=2.9196   tr_acc=135/144 mins=223.72    
epoch=116   ch_step=40500  loss=0.145017 lr=0.0192   |g|=2.0537   tr_acc=136/144 mins=223.97    
epoch=116   ch_step=40550  loss=0.198047 lr=0.0192   |g|=2.4467   tr_acc=132/144 mins=224.22    
epoch=116   ch_step=40600  loss=0.215951 lr=0.0192   |g|=2.1364   tr_acc=131/144 mins=224.47    
epoch=116   ch_step=40650  loss=0.134002 lr=0.0192   |g|=2.4848   tr_acc=138/144 mins=224.71    
epoch=116   ch_step=40700  loss=0.184089 lr=0.0192   |g|=2.0628   tr_acc=137/144 mins=224.96    
Epoch 117: Eval
Eval at 40716
test_accuracy: 0.8946
epoch=117   ch_step=40750  loss=0.098930 lr=0.0183   |g|=1.1904   tr_acc=139/144 mins=225.40    
epoch=117   ch_step=40800  loss=0.179171 lr=0.0183   |g|=2.2757   tr_acc=137/144 mins=225.65    
epoch=117   ch_step=40850  loss=0.195272 lr=0.0183   |g|=2.5217   tr_acc=133/144 mins=225.89    
epoch=117   ch_step=40900  loss=0.224280 lr=0.0183   |g|=2.7278   tr_acc=129/144 mins=226.14    
epoch=117   ch_step=40950  loss=0.294489 lr=0.0183   |g|=3.1849   tr_acc=130/144 mins=226.39    
epoch=117   ch_step=41000  loss=0.243944 lr=0.0183   |g|=2.1849   tr_acc=135/144 mins=226.64    
epoch=117   ch_step=41050  loss=0.148099 lr=0.0183   |g|=2.1498   tr_acc=139/144 mins=226.89    
Epoch 118: Eval
Eval at 41064
test_accuracy: 0.8338
epoch=118   ch_step=41100  loss=0.226965 lr=0.0173   |g|=3.1522   tr_acc=133/144 mins=227.32    
epoch=118   ch_step=41150  loss=0.173759 lr=0.0173   |g|=1.9649   tr_acc=135/144 mins=227.57    
epoch=118   ch_step=41200  loss=0.235613 lr=0.0173   |g|=3.3800   tr_acc=131/144 mins=227.82    
epoch=118   ch_step=41250  loss=0.218236 lr=0.0173   |g|=3.3983   tr_acc=131/144 mins=228.07    
epoch=118   ch_step=41300  loss=0.205116 lr=0.0173   |g|=2.0662   tr_acc=133/144 mins=228.32    
epoch=118   ch_step=41350  loss=0.207667 lr=0.0173   |g|=2.3121   tr_acc=135/144 mins=228.57    
epoch=118   ch_step=41400  loss=0.234373 lr=0.0173   |g|=2.7937   tr_acc=131/144 mins=228.81    
Epoch 119: Eval
Eval at 41412
test_accuracy: 0.8959
epoch=119   ch_step=41450  loss=0.171094 lr=0.0164   |g|=2.3959   tr_acc=134/144 mins=229.25    
epoch=119   ch_step=41500  loss=0.224202 lr=0.0164   |g|=2.7378   tr_acc=135/144 mins=229.50    
